{"err":"parse \"192.168.1.187:7350/v2/rpc/match/party?http_key=defaulthttpkey\u0026unwrap\": first path segment in URL cannot contain colon","level":"error","msg":"try join other match err","time":"2023-06-06 11:50:39"}
{"err":"parse \"192.168.1.187:7350/v2/rpc/match/party?http_key=defaulthttpkey\u0026unwrap\": first path segment in URL cannot contain colon","level":"error","msg":"try join other match err","time":"2023-06-06 11:50:39"}
{"err":"parse \"192.168.1.187:7350/v2/rpc/match/party?http_key=defaulthttpkey\u0026unwrap\": first path segment in URL cannot contain colon","level":"error","msg":"try join other match err","time":"2023-06-06 11:50:39"}
{"level":"debug","msg":"start to join matchmaker...","time":"2023-06-06 12:02:33"}
{"level":"debug","msg":"start to join matchmaker...","time":"2023-06-06 12:02:33"}
{"level":"debug","msg":"start to join matchmaker...","time":"2023-06-06 12:02:33"}
{"level":"debug","msg":"party:%s join matchmaker success1da3a57e-1bc0-48b5-8cfb-ea8abcf3acb9.nakama","time":"2023-06-06 12:02:33"}
{"level":"debug","msg":"party:%s join matchmaker successb1477cc2-3609-4de7-860b-eb85dbd02581.nakama","time":"2023-06-06 12:02:33"}
{"level":"debug","msg":"party:%s join matchmaker successd181bca1-74a1-4f0c-9098-4e17cd835a4f.nakama","time":"2023-06-06 12:02:33"}
{"level":"debug","msg":"start to join matchmaker...","time":"2023-06-06 12:03:07"}
{"level":"debug","msg":"start to join matchmaker...","time":"2023-06-06 12:03:07"}
{"level":"debug","msg":"start to join matchmaker...","time":"2023-06-06 12:03:07"}
{"level":"debug","msg":"party:%s join matchmaker success\n82c8cfd6-f9e3-49c0-9004-fe30f8a94e2a.nakama","time":"2023-06-06 12:03:07"}
{"level":"debug","msg":"party:%s join matchmaker success\nd9ea054c-8e56-4c2e-8180-0d2198ec3601.nakama","time":"2023-06-06 12:03:07"}
{"level":"debug","msg":"party:%s join matchmaker success\n5f066da9-b93a-447f-82b0-0e0a52b47bdb.nakama","time":"2023-06-06 12:03:07"}
{"level":"debug","msg":"start to join matchmaker...","time":"2023-06-06 12:03:32"}
{"level":"debug","msg":"start to join matchmaker...","time":"2023-06-06 12:03:32"}
{"level":"debug","msg":"party:%s join matchmaker success\n230492f3-ed24-410b-ace7-3d8ba5e4ce7d.nakama","time":"2023-06-06 12:03:32"}
{"level":"debug","msg":"party:%s join matchmaker success\nf0878825-bd75-4fee-870c-e3a9eeab8bda.nakama","time":"2023-06-06 12:03:32"}
{"level":"debug","msg":"start to join matchmaker...","time":"2023-06-06 12:04:41"}
{"level":"debug","msg":"start to join matchmaker...","time":"2023-06-06 12:04:41"}
{"level":"debug","msg":"party:%s join matchmaker success\n82bd886e-dca5-473e-865b-8ee4a2ab9e6a.nakama","time":"2023-06-06 12:04:41"}
{"level":"debug","msg":"party:%s join matchmaker success\nc4fcba74-4b2a-41b2-96c2-c3aa86b8c516.nakama","time":"2023-06-06 12:04:41"}
{"level":"debug","msg":"start to join matchmaker...","time":"2023-06-06 12:10:09"}
{"level":"debug","msg":"start to join matchmaker...","time":"2023-06-06 12:10:09"}
{"level":"debug","msg":"start to join matchmaker...","time":"2023-06-06 12:10:09"}
{"level":"debug","msg":"party:%s join matchmaker success\nd32be834-6c09-41ac-afc0-059b9d3ecf46.nakama","time":"2023-06-06 12:10:09"}
{"level":"debug","msg":"party:%s join matchmaker success\n113cbc70-b317-49e7-a745-7d5418849638.nakama","time":"2023-06-06 12:10:09"}
{"level":"debug","msg":"party:%s join matchmaker success\ncebdcc90-a7d7-4834-9766-07ebdafc1b00.nakama","time":"2023-06-06 12:10:09"}
{"err":"Post \"http://192.168.1.187:7350/v2/account/authenticate/email?create=true\u0026username=party-new_0%40adminadminadmin.com\": dial tcp 192.168.1.187:7350: connect: connection refused","level":"fatal","msg":"login fail","time":"2023-06-06 12:15:53"}
{"level":"debug","msg":"start to join matchmaker...","time":"2023-06-06 12:16:04"}
{"level":"debug","msg":"start to join matchmaker...","time":"2023-06-06 12:16:04"}
{"level":"debug","msg":"start to join matchmaker...","time":"2023-06-06 12:16:04"}
{"level":"debug","msg":"party:%s join matchmaker success\n98909f92-f5a8-433f-a615-d564717a7d76.nakama","time":"2023-06-06 12:16:04"}
{"level":"debug","msg":"party:%s join matchmaker success\nae6423b6-9be1-440c-980a-0b416224caa6.nakama","time":"2023-06-06 12:16:04"}
{"level":"debug","msg":"party:%s join matchmaker success\ndd5f9c43-7e7b-4323-9543-a0e3cbacf196.nakama","time":"2023-06-06 12:16:04"}
{"level":"debug","msg":"start to join matchmaker...","time":"2023-06-06 12:18:35"}
{"level":"debug","msg":"start to join matchmaker...","time":"2023-06-06 12:18:35"}
{"level":"debug","msg":"start to join matchmaker...","time":"2023-06-06 12:18:35"}
{"level":"debug","msg":"party:%s join matchmaker success\n7e99d484-d24b-4725-bcb6-dc4217bcbc7f.nakama","time":"2023-06-06 12:18:35"}
{"level":"debug","msg":"party:%s join matchmaker success\n370cc559-106f-443b-840a-3cea9e5e3f7d.nakama","time":"2023-06-06 12:18:35"}
{"level":"debug","msg":"party:%s join matchmaker success\n8770967f-bfb2-483c-8c89-8e659a9dc66f.nakama","time":"2023-06-06 12:18:35"}
{"level":"debug","msg":"start to join matchmaker...","time":"2023-06-06 12:19:52"}
{"level":"debug","msg":"start to join matchmaker...","time":"2023-06-06 12:19:52"}
{"level":"debug","msg":"party:%s join matchmaker success\n57557d6a-900b-4c57-a024-ba36f94ef69e.nakama","time":"2023-06-06 12:19:52"}
{"level":"debug","msg":"party:%s join matchmaker success\n5aa04d2d-c779-43c4-ba0c-de81bdbe9fce.nakama","time":"2023-06-06 12:19:52"}
{"level":"debug","msg":"start to join matchmaker...","time":"2023-06-06 12:21:02"}
{"level":"debug","msg":"start to join matchmaker...","time":"2023-06-06 12:21:02"}
{"level":"debug","msg":"party:%s join matchmaker success\n3d24ec61-f21c-4405-9b35-54125f01738f.nakama","time":"2023-06-06 12:21:02"}
{"level":"debug","msg":"party:%s join matchmaker success\na9de9120-897f-4b3c-a877-61f07cc98d91.nakama","time":"2023-06-06 12:21:02"}
{"level":"debug","msg":"start to join matchmaker...","time":"2023-06-06 12:35:44"}
{"level":"debug","msg":"start to join matchmaker...","time":"2023-06-06 12:35:44"}
{"level":"debug","msg":"start to join matchmaker...","time":"2023-06-06 12:35:44"}
{"level":"debug","msg":"party:%s join matchmaker success\ne20f6ccc-d7d0-48ea-beec-850d2d4e2e17.nakama","time":"2023-06-06 12:35:44"}
{"level":"debug","msg":"party:%s join matchmaker success\nc433b5eb-cca1-408d-86cf-55acb459e091.nakama","time":"2023-06-06 12:35:44"}
{"level":"debug","msg":"party:%s join matchmaker success\na1ebae08-cf0f-4aaa-8bab-5b2a0466a221.nakama","time":"2023-06-06 12:35:44"}
{"level":"debug","msg":"start to join matchmaker...","time":"2023-06-06 12:37:16"}
{"level":"debug","msg":"start to join matchmaker...","time":"2023-06-06 12:37:16"}
{"level":"debug","msg":"party:%s join matchmaker success\n5403493a-a695-4936-908c-a4bf8fd86b2a.nakama","time":"2023-06-06 12:37:16"}
{"level":"debug","msg":"party:%s join matchmaker success\nc63466cb-a476-416c-b07c-34a2ad07a14d.nakama","time":"2023-06-06 12:37:16"}
{"level":"debug","msg":"start to join matchmaker...","time":"2023-06-06 12:40:27"}
{"level":"debug","msg":"start to join matchmaker...","time":"2023-06-06 12:40:27"}
{"level":"debug","msg":"start to join matchmaker...","time":"2023-06-06 12:40:27"}
{"level":"debug","msg":"start to join matchmaker...","time":"2023-06-06 12:40:27"}
{"level":"debug","msg":"start to join matchmaker...","time":"2023-06-06 12:40:27"}
{"level":"debug","msg":"start to join matchmaker...","time":"2023-06-06 12:40:27"}
{"level":"debug","msg":"start to join matchmaker...","time":"2023-06-06 12:40:27"}
{"level":"debug","msg":"start to join matchmaker...","time":"2023-06-06 12:40:27"}
{"level":"debug","msg":"start to join matchmaker...","time":"2023-06-06 12:40:27"}
{"level":"debug","msg":"start to join matchmaker...","time":"2023-06-06 12:40:27"}
{"level":"debug","msg":"start to join matchmaker...","time":"2023-06-06 12:40:27"}
{"level":"debug","msg":"start to join matchmaker...","time":"2023-06-06 12:40:27"}
{"level":"debug","msg":"start to join matchmaker...","time":"2023-06-06 12:40:27"}
{"level":"debug","msg":"start to join matchmaker...","time":"2023-06-06 12:40:27"}
{"level":"debug","msg":"start to join matchmaker...","time":"2023-06-06 12:40:27"}
{"level":"debug","msg":"start to join matchmaker...","time":"2023-06-06 12:40:27"}
{"level":"debug","msg":"start to join matchmaker...","time":"2023-06-06 12:40:27"}
{"level":"debug","msg":"start to join matchmaker...","time":"2023-06-06 12:40:27"}
{"level":"debug","msg":"start to join matchmaker...","time":"2023-06-06 12:40:27"}
{"level":"debug","msg":"start to join matchmaker...","time":"2023-06-06 12:40:27"}
{"level":"debug","msg":"start to join matchmaker...","time":"2023-06-06 12:40:27"}
{"level":"debug","msg":"start to join matchmaker...","time":"2023-06-06 12:40:27"}
{"level":"debug","msg":"start to join matchmaker...","time":"2023-06-06 12:40:27"}
{"level":"debug","msg":"party:%s join matchmaker success\n4116e2b7-509d-4f47-b28c-c35e428a09a1.nakama","time":"2023-06-06 12:40:27"}
{"level":"debug","msg":"start to join matchmaker...","time":"2023-06-06 12:40:27"}
{"level":"debug","msg":"party:%s join matchmaker success\n771997ae-9edf-4e05-b9e7-7cf68bba42f5.nakama","time":"2023-06-06 12:40:27"}
{"level":"debug","msg":"party:%s join matchmaker success\n159dad38-3c48-47f7-8f68-732a028577cf.nakama","time":"2023-06-06 12:40:27"}
{"level":"debug","msg":"party:%s join matchmaker success\n96412b16-343f-43f3-8eca-b172c855e129.nakama","time":"2023-06-06 12:40:27"}
{"level":"debug","msg":"party:%s join matchmaker success\n7bca443a-359d-44ba-ab8c-f12eb95efcc6.nakama","time":"2023-06-06 12:40:27"}
{"level":"debug","msg":"party:%s join matchmaker success\nac103115-5a60-43ca-bdb5-c5e42dd7912d.nakama","time":"2023-06-06 12:40:27"}
{"level":"debug","msg":"party:%s join matchmaker success\n54e69212-2eb2-4bc4-89fb-025efa57e0ef.nakama","time":"2023-06-06 12:40:27"}
{"level":"debug","msg":"party:%s join matchmaker success\nb63def72-7577-4eea-a983-1621fedc9273.nakama","time":"2023-06-06 12:40:27"}
{"level":"debug","msg":"party:%s join matchmaker success\nad3a4dde-8500-4470-8d75-7d88237568a4.nakama","time":"2023-06-06 12:40:27"}
{"level":"debug","msg":"party:%s join matchmaker success\n112d0c4c-5fd7-447f-aadf-d0232daaadbd.nakama","time":"2023-06-06 12:40:27"}
{"level":"debug","msg":"party:%s join matchmaker success\n95d675bd-fda9-4d70-beae-be5b4eb70d81.nakama","time":"2023-06-06 12:40:27"}
{"level":"debug","msg":"party:%s join matchmaker success\n0af842de-9088-43b8-bbc9-060850ae0d35.nakama","time":"2023-06-06 12:40:27"}
{"level":"debug","msg":"party:%s join matchmaker success\n2b7f87a2-c2b7-48b3-965e-8b3ca7fb3193.nakama","time":"2023-06-06 12:40:27"}
{"level":"debug","msg":"party:%s join matchmaker success\nac170431-f0ce-4d6c-8072-688a760101ff.nakama","time":"2023-06-06 12:40:27"}
{"level":"debug","msg":"party:%s join matchmaker success\n67962ea4-3f9c-4176-b1af-6cea3581f653.nakama","time":"2023-06-06 12:40:27"}
{"level":"debug","msg":"party:%s join matchmaker success\n644c0153-2756-4a77-86a1-a2921e5e4b35.nakama","time":"2023-06-06 12:40:27"}
{"level":"debug","msg":"party:%s join matchmaker success\nbe889f84-3eea-4643-bbd6-538c828d3415.nakama","time":"2023-06-06 12:40:27"}
{"level":"debug","msg":"party:%s join matchmaker success\nf09ee3c8-6fdc-42a7-938d-d7d9a030fb3b.nakama","time":"2023-06-06 12:40:27"}
{"level":"debug","msg":"party:%s join matchmaker success\nf568b011-b187-408c-999b-4acad4ce7c90.nakama","time":"2023-06-06 12:40:27"}
{"level":"debug","msg":"party:%s join matchmaker success\n276f8f05-f97e-4dd1-8c6b-c6f9f47bbf91.nakama","time":"2023-06-06 12:40:27"}
{"level":"debug","msg":"party:%s join matchmaker success\n10830df3-7071-4630-8cef-6416904c6478.nakama","time":"2023-06-06 12:40:27"}
{"level":"debug","msg":"party:%s join matchmaker success\n355a2940-2957-46a1-b7b9-cddbbf7eb678.nakama","time":"2023-06-06 12:40:27"}
{"level":"debug","msg":"party:%s join matchmaker success\nc8212485-002c-4e7c-934c-3e56436ba5de.nakama","time":"2023-06-06 12:40:27"}
{"level":"debug","msg":"party:%s join matchmaker success\n137d546b-4a33-4f7e-b209-87dfc83c06f6.nakama","time":"2023-06-06 12:40:27"}
{"level":"debug","msg":"start to join matchmaker...","time":"2023-06-06 13:24:40"}
{"level":"debug","msg":"start to join matchmaker...","time":"2023-06-06 13:24:40"}
{"level":"debug","msg":"start to join matchmaker...","time":"2023-06-06 13:24:40"}
{"level":"debug","msg":"start to join matchmaker...","time":"2023-06-06 13:24:40"}
{"level":"debug","msg":"start to join matchmaker...","time":"2023-06-06 13:24:40"}
{"level":"debug","msg":"start to join matchmaker...","time":"2023-06-06 13:24:40"}
{"level":"debug","msg":"start to join matchmaker...","time":"2023-06-06 13:24:40"}
{"level":"debug","msg":"start to join matchmaker...","time":"2023-06-06 13:24:40"}
{"level":"debug","msg":"start to join matchmaker...","time":"2023-06-06 13:24:40"}
{"level":"debug","msg":"start to join matchmaker...","time":"2023-06-06 13:24:40"}
{"level":"debug","msg":"start to join matchmaker...","time":"2023-06-06 13:24:40"}
{"level":"debug","msg":"start to join matchmaker...","time":"2023-06-06 13:24:40"}
{"level":"debug","msg":"start to join matchmaker...","time":"2023-06-06 13:24:40"}
{"level":"debug","msg":"start to join matchmaker...","time":"2023-06-06 13:24:40"}
{"level":"debug","msg":"start to join matchmaker...","time":"2023-06-06 13:24:40"}
{"level":"debug","msg":"start to join matchmaker...","time":"2023-06-06 13:24:40"}
{"level":"debug","msg":"start to join matchmaker...","time":"2023-06-06 13:24:40"}
{"level":"debug","msg":"start to join matchmaker...","time":"2023-06-06 13:24:40"}
{"level":"debug","msg":"start to join matchmaker...","time":"2023-06-06 13:24:40"}
{"level":"debug","msg":"start to join matchmaker...","time":"2023-06-06 13:24:40"}
{"level":"debug","msg":"start to join matchmaker...","time":"2023-06-06 13:24:40"}
{"level":"debug","msg":"start to join matchmaker...","time":"2023-06-06 13:24:40"}
{"level":"debug","msg":"start to join matchmaker...","time":"2023-06-06 13:24:40"}
{"level":"debug","msg":"start to join matchmaker...","time":"2023-06-06 13:24:40"}
{"level":"debug","msg":"party:%s join matchmaker success\n2261d908-1199-4259-b063-e0aa91bfae4c.nakama","time":"2023-06-06 13:24:40"}
{"level":"debug","msg":"party:%s join matchmaker success\n1d00b95e-d84d-404d-b127-61de7f429c09.nakama","time":"2023-06-06 13:24:40"}
{"level":"debug","msg":"party:%s join matchmaker success\n0bce4785-19df-4b63-b80f-6820984fae62.nakama","time":"2023-06-06 13:24:40"}
{"level":"debug","msg":"party:%s join matchmaker success\nad778ed7-a097-4516-b9e0-6f6108f44a10.nakama","time":"2023-06-06 13:24:40"}
{"level":"debug","msg":"party:%s join matchmaker success\n30e2dbb2-710d-412a-b5f6-6352f9d53d05.nakama","time":"2023-06-06 13:24:40"}
{"level":"debug","msg":"party:%s join matchmaker success\nfc22ae00-5205-4adc-ae07-5a660a42f2db.nakama","time":"2023-06-06 13:24:40"}
{"level":"debug","msg":"party:%s join matchmaker success\n50a7108d-f88c-437a-bb14-a4da76cc5743.nakama","time":"2023-06-06 13:24:40"}
{"level":"debug","msg":"party:%s join matchmaker success\n12c7061f-1448-452c-b753-563a1fe3d641.nakama","time":"2023-06-06 13:24:40"}
{"level":"debug","msg":"party:%s join matchmaker success\n8cb97977-9728-42ac-abde-0e84e8b8a3f9.nakama","time":"2023-06-06 13:24:40"}
{"level":"debug","msg":"party:%s join matchmaker success\n68e8fce1-2289-4024-b557-641ae2db3370.nakama","time":"2023-06-06 13:24:40"}
{"level":"debug","msg":"party:%s join matchmaker success\n4769d124-b144-4cbe-aff3-fbe6a5181ca6.nakama","time":"2023-06-06 13:24:40"}
{"level":"debug","msg":"party:%s join matchmaker success\n078b6b26-ab40-483c-9d0f-83b89b59f935.nakama","time":"2023-06-06 13:24:40"}
{"level":"debug","msg":"party:%s join matchmaker success\n341e786a-ca42-435f-8deb-8fda50cd1d8d.nakama","time":"2023-06-06 13:24:40"}
{"level":"debug","msg":"party:%s join matchmaker success\nc222258a-8e8f-48ac-9340-5dd51b5159ec.nakama","time":"2023-06-06 13:24:40"}
{"level":"debug","msg":"party:%s join matchmaker success\n2cbb88b7-7dd1-4606-b065-572b3d9793c5.nakama","time":"2023-06-06 13:24:40"}
{"level":"debug","msg":"party:%s join matchmaker success\n1b060d1c-c3f2-44c2-b2cd-e00f32f12b9e.nakama","time":"2023-06-06 13:24:40"}
{"level":"debug","msg":"party:%s join matchmaker success\n06c87047-72d7-4370-8d2f-b0e13c1560e8.nakama","time":"2023-06-06 13:24:40"}
{"level":"debug","msg":"party:%s join matchmaker success\n3d014869-06d4-4f6a-b7ac-8ade217f8e9a.nakama","time":"2023-06-06 13:24:40"}
{"level":"debug","msg":"party:%s join matchmaker success\nc73bb8fc-bb8b-48a6-8e75-da330d69ee27.nakama","time":"2023-06-06 13:24:40"}
{"level":"debug","msg":"party:%s join matchmaker success\n5dedf868-384d-4825-a72f-eac22bdc3905.nakama","time":"2023-06-06 13:24:40"}
{"level":"debug","msg":"party:%s join matchmaker success\na1bb1499-5cd3-4dc7-a18c-97b54aa7c9c4.nakama","time":"2023-06-06 13:24:40"}
{"level":"debug","msg":"party:%s join matchmaker success\n41c2a2e5-87b8-404e-a9a9-fcf99402a8d2.nakama","time":"2023-06-06 13:24:40"}
{"level":"debug","msg":"party:%s join matchmaker success\nb19a691e-4909-4150-90a7-40ca53a19130.nakama","time":"2023-06-06 13:24:40"}
{"level":"debug","msg":"party:%s join matchmaker success\nd8c481c7-6a6e-4906-84e3-4fc83ec285cc.nakama","time":"2023-06-06 13:24:40"}
{"level":"debug","msg":"start to join matchmaker...","time":"2023-06-06 13:26:22"}
{"level":"debug","msg":"start to join matchmaker...","time":"2023-06-06 13:26:22"}
{"level":"debug","msg":"start to join matchmaker...","time":"2023-06-06 13:26:22"}
{"level":"debug","msg":"start to join matchmaker...","time":"2023-06-06 13:26:22"}
{"level":"debug","msg":"start to join matchmaker...","time":"2023-06-06 13:26:22"}
{"level":"debug","msg":"start to join matchmaker...","time":"2023-06-06 13:26:22"}
{"level":"debug","msg":"start to join matchmaker...","time":"2023-06-06 13:26:22"}
{"level":"debug","msg":"start to join matchmaker...","time":"2023-06-06 13:26:22"}
{"level":"debug","msg":"start to join matchmaker...","time":"2023-06-06 13:26:22"}
{"level":"debug","msg":"start to join matchmaker...","time":"2023-06-06 13:26:22"}
{"level":"debug","msg":"start to join matchmaker...","time":"2023-06-06 13:26:22"}
{"level":"debug","msg":"start to join matchmaker...","time":"2023-06-06 13:26:22"}
{"level":"debug","msg":"start to join matchmaker...","time":"2023-06-06 13:26:22"}
{"level":"debug","msg":"start to join matchmaker...","time":"2023-06-06 13:26:22"}
{"level":"debug","msg":"start to join matchmaker...","time":"2023-06-06 13:26:22"}
{"level":"debug","msg":"start to join matchmaker...","time":"2023-06-06 13:26:22"}
{"level":"debug","msg":"start to join matchmaker...","time":"2023-06-06 13:26:22"}
{"level":"debug","msg":"start to join matchmaker...","time":"2023-06-06 13:26:22"}
{"level":"debug","msg":"start to join matchmaker...","time":"2023-06-06 13:26:22"}
{"level":"debug","msg":"party:%s join matchmaker success\ne049ce23-4426-4500-b888-d0e17dfc5851.nakama","time":"2023-06-06 13:26:22"}
{"level":"debug","msg":"party:%s join matchmaker success\n9f888a71-c060-4177-9a3e-145089514c88.nakama","time":"2023-06-06 13:26:22"}
{"level":"debug","msg":"party:%s join matchmaker success\nf9c25383-8763-42b9-b4b8-fa229c5a50ab.nakama","time":"2023-06-06 13:26:22"}
{"level":"debug","msg":"party:%s join matchmaker success\n24438fae-8453-4194-bd6a-6c258678ed81.nakama","time":"2023-06-06 13:26:22"}
{"level":"debug","msg":"party:%s join matchmaker success\n6dec5023-509b-42d6-a029-7d4c570b9cdf.nakama","time":"2023-06-06 13:26:22"}
{"level":"debug","msg":"party:%s join matchmaker success\n11f6dac0-e0fe-4f61-8619-c9266f966ba1.nakama","time":"2023-06-06 13:26:22"}
{"level":"debug","msg":"party:%s join matchmaker success\n00a65c69-1a42-4fca-88ef-961e4c8e7a4d.nakama","time":"2023-06-06 13:26:22"}
{"level":"debug","msg":"party:%s join matchmaker success\n713bb59d-2037-4910-afe9-57c07a6833c9.nakama","time":"2023-06-06 13:26:22"}
{"level":"debug","msg":"party:%s join matchmaker success\na550b1b3-a952-47d6-9efa-c2f06f0e520f.nakama","time":"2023-06-06 13:26:22"}
{"level":"debug","msg":"party:%s join matchmaker success\n94c66ef1-b7ef-4a49-af16-b0d691035022.nakama","time":"2023-06-06 13:26:22"}
{"level":"debug","msg":"party:%s join matchmaker success\nffbc4767-d62b-4896-b1a5-d7fe8f56154b.nakama","time":"2023-06-06 13:26:22"}
{"level":"debug","msg":"party:%s join matchmaker success\n3419b039-e3ee-4589-a575-56eb9e01183a.nakama","time":"2023-06-06 13:26:22"}
{"level":"debug","msg":"party:%s join matchmaker success\n066a2342-5338-4778-9d3d-dc0fe93502d5.nakama","time":"2023-06-06 13:26:22"}
{"level":"debug","msg":"party:%s join matchmaker success\n9ed12e3c-f42a-4d26-ac22-fb18b8d2a8dd.nakama","time":"2023-06-06 13:26:22"}
{"level":"debug","msg":"party:%s join matchmaker success\n17dac17b-612c-427d-afa1-37edc5e8bdc9.nakama","time":"2023-06-06 13:26:22"}
{"level":"debug","msg":"party:%s join matchmaker success\n15accac8-35ce-4d02-8486-1cdc66aafc32.nakama","time":"2023-06-06 13:26:22"}
{"level":"debug","msg":"party:%s join matchmaker success\n49b9d3f6-dc28-40cf-8fae-a90c7a02a81e.nakama","time":"2023-06-06 13:26:22"}
{"level":"debug","msg":"party:%s join matchmaker success\nc355f581-f20f-4233-ab19-933efb569060.nakama","time":"2023-06-06 13:26:22"}
{"level":"debug","msg":"party:%s join matchmaker success\n59e0d21d-36ec-420d-b329-8e340f002fc6.nakama","time":"2023-06-06 13:26:22"}
{"level":"debug","msg":"start to join matchmaker...","time":"2023-06-06 13:27:31"}
{"level":"debug","msg":"start to join matchmaker...","time":"2023-06-06 13:27:31"}
{"level":"debug","msg":"start to join matchmaker...","time":"2023-06-06 13:27:31"}
{"level":"debug","msg":"start to join matchmaker...","time":"2023-06-06 13:27:31"}
{"level":"debug","msg":"start to join matchmaker...","time":"2023-06-06 13:27:31"}
{"level":"debug","msg":"start to join matchmaker...","time":"2023-06-06 13:27:31"}
{"level":"debug","msg":"start to join matchmaker...","time":"2023-06-06 13:27:31"}
{"level":"debug","msg":"start to join matchmaker...","time":"2023-06-06 13:27:31"}
{"level":"debug","msg":"start to join matchmaker...","time":"2023-06-06 13:27:31"}
{"level":"debug","msg":"start to join matchmaker...","time":"2023-06-06 13:27:31"}
{"level":"debug","msg":"start to join matchmaker...","time":"2023-06-06 13:27:31"}
{"level":"debug","msg":"start to join matchmaker...","time":"2023-06-06 13:27:31"}
{"level":"debug","msg":"start to join matchmaker...","time":"2023-06-06 13:27:31"}
{"level":"debug","msg":"start to join matchmaker...","time":"2023-06-06 13:27:31"}
{"level":"debug","msg":"start to join matchmaker...","time":"2023-06-06 13:27:31"}
{"level":"debug","msg":"start to join matchmaker...","time":"2023-06-06 13:27:31"}
{"level":"debug","msg":"start to join matchmaker...","time":"2023-06-06 13:27:31"}
{"level":"debug","msg":"start to join matchmaker...","time":"2023-06-06 13:27:31"}
{"level":"debug","msg":"start to join matchmaker...","time":"2023-06-06 13:27:31"}
{"level":"debug","msg":"start to join matchmaker...","time":"2023-06-06 13:27:31"}
{"level":"debug","msg":"start to join matchmaker...","time":"2023-06-06 13:27:31"}
{"level":"debug","msg":"start to join matchmaker...","time":"2023-06-06 13:27:31"}
{"level":"debug","msg":"party:%s join matchmaker success\nd58eb770-2810-463a-bc89-bb84cf20e185.nakama","time":"2023-06-06 13:27:31"}
{"level":"debug","msg":"party:%s join matchmaker success\n59bf3c85-50e1-498d-ac4d-b8500ce6f872.nakama","time":"2023-06-06 13:27:31"}
{"level":"debug","msg":"party:%s join matchmaker success\n0b426002-0b47-4764-ae57-f4bf5166d50f.nakama","time":"2023-06-06 13:27:31"}
{"level":"debug","msg":"party:%s join matchmaker success\nc14c1543-a25f-402d-b006-402ece3f1725.nakama","time":"2023-06-06 13:27:31"}
{"level":"debug","msg":"party:%s join matchmaker success\n4c55646e-a18f-4334-aee1-c76ad4410554.nakama","time":"2023-06-06 13:27:31"}
{"level":"debug","msg":"party:%s join matchmaker success\n7b44d1cb-6d29-4e82-a676-973b4706e80b.nakama","time":"2023-06-06 13:27:31"}
{"level":"debug","msg":"party:%s join matchmaker success\n7f4f4205-0613-4a07-8ad8-d24a1d52b408.nakama","time":"2023-06-06 13:27:31"}
{"level":"debug","msg":"party:%s join matchmaker success\n9df73700-9f36-472f-af10-36bc99a77a6e.nakama","time":"2023-06-06 13:27:31"}
{"level":"debug","msg":"party:%s join matchmaker success\n4a102567-3d15-4203-bdd3-5b4f5c02fc7b.nakama","time":"2023-06-06 13:27:31"}
{"level":"debug","msg":"party:%s join matchmaker success\n8fbfafd2-07ca-47aa-bd64-92438e76c407.nakama","time":"2023-06-06 13:27:31"}
{"level":"debug","msg":"party:%s join matchmaker success\n77899cab-e2d7-44f0-b9d5-4781616426df.nakama","time":"2023-06-06 13:27:31"}
{"level":"debug","msg":"party:%s join matchmaker success\nbd015ece-9b7c-40d0-97a3-4276f70d986e.nakama","time":"2023-06-06 13:27:31"}
{"level":"debug","msg":"party:%s join matchmaker success\n1e9b60d2-df47-4c66-9869-4745998808d5.nakama","time":"2023-06-06 13:27:31"}
{"level":"debug","msg":"party:%s join matchmaker success\n3945093b-001d-4110-98de-a1a02b2b9fa2.nakama","time":"2023-06-06 13:27:31"}
{"level":"debug","msg":"party:%s join matchmaker success\n7f291ebe-6e7a-4602-9652-70ff07d9a452.nakama","time":"2023-06-06 13:27:31"}
{"level":"debug","msg":"party:%s join matchmaker success\n65f678a2-d869-4855-a413-332ef97e3532.nakama","time":"2023-06-06 13:27:31"}
{"level":"debug","msg":"party:%s join matchmaker success\n23168a8f-4872-4c71-b7d4-f0759d52b3ec.nakama","time":"2023-06-06 13:27:31"}
{"level":"debug","msg":"party:%s join matchmaker success\na1b78af0-91e6-46c6-ae2b-22517a38c653.nakama","time":"2023-06-06 13:27:31"}
{"level":"debug","msg":"party:%s join matchmaker success\na3a2fa0a-5f98-4e0a-84fb-88df8b1b1fbe.nakama","time":"2023-06-06 13:27:31"}
{"level":"debug","msg":"party:%s join matchmaker success\n6cc92f65-ab93-4b87-a02c-13c3ca1826a2.nakama","time":"2023-06-06 13:27:31"}
{"level":"debug","msg":"party:%s join matchmaker success\n082af2fd-2c88-45b6-a452-e507f960cde9.nakama","time":"2023-06-06 13:27:31"}
{"level":"debug","msg":"party:%s join matchmaker success\n4a40f38c-d504-4dd4-aa1b-b7de75f2781b.nakama","time":"2023-06-06 13:27:31"}
{"level":"debug","msg":"start to join matchmaker...","time":"2023-06-06 13:28:21"}
{"level":"debug","msg":"start to join matchmaker...","time":"2023-06-06 13:28:21"}
{"level":"debug","msg":"start to join matchmaker...","time":"2023-06-06 13:28:21"}
{"level":"debug","msg":"start to join matchmaker...","time":"2023-06-06 13:28:21"}
{"level":"debug","msg":"start to join matchmaker...","time":"2023-06-06 13:28:21"}
{"level":"debug","msg":"start to join matchmaker...","time":"2023-06-06 13:28:21"}
{"level":"debug","msg":"start to join matchmaker...","time":"2023-06-06 13:28:21"}
{"level":"debug","msg":"start to join matchmaker...","time":"2023-06-06 13:28:21"}
{"level":"debug","msg":"start to join matchmaker...","time":"2023-06-06 13:28:21"}
{"level":"debug","msg":"start to join matchmaker...","time":"2023-06-06 13:28:21"}
{"level":"debug","msg":"start to join matchmaker...","time":"2023-06-06 13:28:21"}
{"level":"debug","msg":"start to join matchmaker...","time":"2023-06-06 13:28:21"}
{"level":"debug","msg":"start to join matchmaker...","time":"2023-06-06 13:28:21"}
{"level":"debug","msg":"start to join matchmaker...","time":"2023-06-06 13:28:21"}
{"level":"debug","msg":"start to join matchmaker...","time":"2023-06-06 13:28:21"}
{"level":"debug","msg":"start to join matchmaker...","time":"2023-06-06 13:28:21"}
{"level":"debug","msg":"start to join matchmaker...","time":"2023-06-06 13:28:21"}
{"level":"debug","msg":"start to join matchmaker...","time":"2023-06-06 13:28:21"}
{"level":"debug","msg":"start to join matchmaker...","time":"2023-06-06 13:28:21"}
{"level":"debug","msg":"start to join matchmaker...","time":"2023-06-06 13:28:21"}
{"level":"debug","msg":"start to join matchmaker...","time":"2023-06-06 13:28:21"}
{"level":"debug","msg":"party:%s join matchmaker success\n28c32de5-e536-4cfa-a3cf-ed4ca8ddb8ae.nakama","time":"2023-06-06 13:28:21"}
{"level":"debug","msg":"party:%s join matchmaker success\ndac547ee-dbd4-4301-b318-b754a5d17c70.nakama","time":"2023-06-06 13:28:21"}
{"level":"debug","msg":"party:%s join matchmaker success\n5fd89421-0014-430e-9c06-d1b4c05303b7.nakama","time":"2023-06-06 13:28:21"}
{"level":"debug","msg":"party:%s join matchmaker success\nf2907d1f-0c4d-439a-8704-214934e979f2.nakama","time":"2023-06-06 13:28:21"}
{"level":"debug","msg":"party:%s join matchmaker success\n71aed2e3-bb0c-4632-a6a6-4d7df426625f.nakama","time":"2023-06-06 13:28:22"}
{"level":"debug","msg":"party:%s join matchmaker success\n607e2490-54d7-4552-996b-d89681449d4b.nakama","time":"2023-06-06 13:28:22"}
{"level":"debug","msg":"party:%s join matchmaker success\n2ca86af1-6437-4e40-9e40-d4321ae48be8.nakama","time":"2023-06-06 13:28:22"}
{"level":"debug","msg":"party:%s join matchmaker success\n6012f242-f120-4f30-9a84-2dc52bb2dd74.nakama","time":"2023-06-06 13:28:22"}
{"level":"debug","msg":"party:%s join matchmaker success\n382265c4-2b2f-4908-bdf1-b408053a662d.nakama","time":"2023-06-06 13:28:22"}
{"level":"debug","msg":"party:%s join matchmaker success\n5e2a5e7b-f59a-4f71-986d-d40861b0cf0b.nakama","time":"2023-06-06 13:28:22"}
{"level":"debug","msg":"party:%s join matchmaker success\nb2bb734a-724b-4f19-90c6-473fd9ec3faf.nakama","time":"2023-06-06 13:28:22"}
{"level":"debug","msg":"party:%s join matchmaker success\n58a80080-700f-46e9-be25-31c4f3a81c73.nakama","time":"2023-06-06 13:28:22"}
{"level":"debug","msg":"party:%s join matchmaker success\n5f1ae0d3-79cd-4931-981e-1132b996cbf8.nakama","time":"2023-06-06 13:28:22"}
{"level":"debug","msg":"party:%s join matchmaker success\n62068bf2-eed1-4705-a40a-03d55adb9f2e.nakama","time":"2023-06-06 13:28:22"}
{"level":"debug","msg":"party:%s join matchmaker success\ne2ff7255-4433-446b-a78e-6b3fc87e6cda.nakama","time":"2023-06-06 13:28:22"}
{"level":"debug","msg":"party:%s join matchmaker success\n60a1cf53-0b07-4d8d-9d9a-f09a417bde98.nakama","time":"2023-06-06 13:28:22"}
{"level":"debug","msg":"party:%s join matchmaker success\n5331477d-1d4c-4a53-a575-eca2523942cc.nakama","time":"2023-06-06 13:28:22"}
{"level":"debug","msg":"party:%s join matchmaker success\n840922c9-af5c-442c-b2b6-05af29786c1d.nakama","time":"2023-06-06 13:28:22"}
{"level":"debug","msg":"party:%s join matchmaker success\n654bb7ee-c4f7-4770-8dfa-8e58239f3ae4.nakama","time":"2023-06-06 13:28:22"}
{"level":"debug","msg":"party:%s join matchmaker success\n89098054-2f42-4de3-a1f3-62e62ce2f813.nakama","time":"2023-06-06 13:28:22"}
{"level":"debug","msg":"party:%s join matchmaker success\n2c8e71cc-b33d-48c4-9edc-7e77db5fe2c3.nakama","time":"2023-06-06 13:28:22"}
{"err":"Post \"http://192.168.1.187:7350/v2/rpc/match/party?http_key=defaulthttpkey\u0026unwrap\": EOF","level":"error","msg":"try join other match err","time":"2023-06-06 13:34:44"}
{"err":"Post \"http://192.168.1.187:7350/v2/rpc/match/party?http_key=defaulthttpkey\u0026unwrap\": EOF","level":"error","msg":"try join other match err","time":"2023-06-06 13:34:44"}
{"err":"Post \"http://192.168.1.187:7350/v2/rpc/match/party?http_key=defaulthttpkey\u0026unwrap\": EOF","level":"error","msg":"try join other match err","time":"2023-06-06 13:34:44"}
{"err":"Post \"http://192.168.1.187:7350/v2/rpc/match/party?http_key=defaulthttpkey\u0026unwrap\": EOF","level":"error","msg":"try join other match err","time":"2023-06-06 13:34:44"}
{"level":"debug","msg":"start to join matchmaker...","time":"2023-06-06 13:35:35"}
{"level":"debug","msg":"start to join matchmaker...","time":"2023-06-06 13:35:35"}
{"level":"debug","msg":"start to join matchmaker...","time":"2023-06-06 13:35:35"}
{"level":"debug","msg":"start to join matchmaker...","time":"2023-06-06 13:35:35"}
{"level":"debug","msg":"start to join matchmaker...","time":"2023-06-06 13:35:35"}
{"level":"debug","msg":"start to join matchmaker...","time":"2023-06-06 13:35:35"}
{"level":"debug","msg":"start to join matchmaker...","time":"2023-06-06 13:35:35"}
{"level":"debug","msg":"start to join matchmaker...","time":"2023-06-06 13:35:35"}
{"level":"debug","msg":"start to join matchmaker...","time":"2023-06-06 13:35:35"}
{"level":"debug","msg":"start to join matchmaker...","time":"2023-06-06 13:35:35"}
{"level":"debug","msg":"party:%s join matchmaker success\ndd2ebb9d-fe32-4783-87a4-bc4d5202ae22.nakama","time":"2023-06-06 13:35:35"}
{"level":"debug","msg":"start to join matchmaker...","time":"2023-06-06 13:35:35"}
{"level":"debug","msg":"start to join matchmaker...","time":"2023-06-06 13:35:35"}
{"level":"debug","msg":"start to join matchmaker...","time":"2023-06-06 13:35:35"}
{"level":"debug","msg":"start to join matchmaker...","time":"2023-06-06 13:35:35"}
{"level":"debug","msg":"start to join matchmaker...","time":"2023-06-06 13:35:35"}
{"level":"debug","msg":"start to join matchmaker...","time":"2023-06-06 13:35:35"}
{"level":"debug","msg":"start to join matchmaker...","time":"2023-06-06 13:35:35"}
{"level":"debug","msg":"start to join matchmaker...","time":"2023-06-06 13:35:35"}
{"level":"debug","msg":"start to join matchmaker...","time":"2023-06-06 13:35:35"}
{"level":"debug","msg":"start to join matchmaker...","time":"2023-06-06 13:35:35"}
{"level":"debug","msg":"start to join matchmaker...","time":"2023-06-06 13:35:35"}
{"level":"debug","msg":"start to join matchmaker...","time":"2023-06-06 13:35:35"}
{"level":"debug","msg":"party:%s join matchmaker success\na16c59e7-8434-4461-b56a-922bf576d701.nakama","time":"2023-06-06 13:35:35"}
{"level":"debug","msg":"party:%s join matchmaker success\nc6652a87-9015-43dd-9f63-a68657498d5d.nakama","time":"2023-06-06 13:35:35"}
{"level":"debug","msg":"party:%s join matchmaker success\n92c43c35-2857-48c0-92d5-f012655fb1d3.nakama","time":"2023-06-06 13:35:35"}
{"level":"debug","msg":"party:%s join matchmaker success\ne59861c4-8d11-4269-8d11-8bab00d947d5.nakama","time":"2023-06-06 13:35:35"}
{"level":"debug","msg":"party:%s join matchmaker success\n2fcb99dc-4cc0-4097-80b3-6a7ad5e30ff4.nakama","time":"2023-06-06 13:35:35"}
{"level":"debug","msg":"party:%s join matchmaker success\n5daa47a8-8e33-427d-88ad-5b212ecbbca2.nakama","time":"2023-06-06 13:35:35"}
{"level":"debug","msg":"party:%s join matchmaker success\ncfca510a-0d7f-4747-8d7a-3a852f011607.nakama","time":"2023-06-06 13:35:35"}
{"level":"debug","msg":"party:%s join matchmaker success\nb59b8e6e-e110-49a1-97f4-73235bfaecec.nakama","time":"2023-06-06 13:35:35"}
{"level":"debug","msg":"party:%s join matchmaker success\nb3e7af3d-508e-4e24-b5cb-9d21c7e1ac04.nakama","time":"2023-06-06 13:35:35"}
{"level":"debug","msg":"party:%s join matchmaker success\n5a404df5-0548-400b-951b-ef78dd4ab053.nakama","time":"2023-06-06 13:35:35"}
{"level":"debug","msg":"party:%s join matchmaker success\n1b30d462-39a1-45a0-9a1e-64194feef7d3.nakama","time":"2023-06-06 13:35:35"}
{"level":"debug","msg":"party:%s join matchmaker success\n8222c498-11ff-48c2-8298-1b044af56224.nakama","time":"2023-06-06 13:35:35"}
{"level":"debug","msg":"party:%s join matchmaker success\n99287830-baa1-4d2c-a4c9-4145634c21aa.nakama","time":"2023-06-06 13:35:35"}
{"level":"debug","msg":"party:%s join matchmaker success\n6b21753a-aeb5-4545-a58d-ef3157549a5a.nakama","time":"2023-06-06 13:35:35"}
{"level":"debug","msg":"party:%s join matchmaker success\nbec1d18c-8a21-4fd3-94da-c0b41bc08944.nakama","time":"2023-06-06 13:35:35"}
{"level":"debug","msg":"party:%s join matchmaker success\nf296ecbd-e046-436e-abe3-21582fffcfd7.nakama","time":"2023-06-06 13:35:35"}
{"level":"debug","msg":"party:%s join matchmaker success\n80716934-85ee-488b-b39f-c301edac2a01.nakama","time":"2023-06-06 13:35:35"}
{"level":"debug","msg":"party:%s join matchmaker success\nbc4a7f78-4c50-4704-84c5-b6d4cb3721da.nakama","time":"2023-06-06 13:35:35"}
{"level":"debug","msg":"party:%s join matchmaker success\n63671052-30da-44f4-b2e2-2baf92be10d1.nakama","time":"2023-06-06 13:35:35"}
{"level":"debug","msg":"party:%s join matchmaker success\n30eec33f-e2f3-4f91-bc25-1781621829d2.nakama","time":"2023-06-06 13:35:35"}
{"level":"debug","msg":"party:%s join matchmaker success\n606eabdb-5e41-4707-9dcd-ff3ef7c38938.nakama","time":"2023-06-06 13:35:35"}
{"level":"debug","msg":"start to join matchmaker...","time":"2023-06-06 13:43:41"}
{"level":"debug","msg":"start to join matchmaker...","time":"2023-06-06 13:43:41"}
{"level":"debug","msg":"start to join matchmaker...","time":"2023-06-06 13:43:41"}
{"level":"debug","msg":"start to join matchmaker...","time":"2023-06-06 13:43:41"}
{"level":"debug","msg":"start to join matchmaker...","time":"2023-06-06 13:43:41"}
{"level":"debug","msg":"start to join matchmaker...","time":"2023-06-06 13:43:41"}
{"level":"debug","msg":"start to join matchmaker...","time":"2023-06-06 13:43:41"}
{"level":"debug","msg":"start to join matchmaker...","time":"2023-06-06 13:43:41"}
{"level":"debug","msg":"start to join matchmaker...","time":"2023-06-06 13:43:41"}
{"level":"debug","msg":"start to join matchmaker...","time":"2023-06-06 13:43:41"}
{"level":"debug","msg":"start to join matchmaker...","time":"2023-06-06 13:43:41"}
{"level":"debug","msg":"start to join matchmaker...","time":"2023-06-06 13:43:41"}
{"level":"debug","msg":"start to join matchmaker...","time":"2023-06-06 13:43:41"}
{"level":"debug","msg":"start to join matchmaker...","time":"2023-06-06 13:43:41"}
{"level":"debug","msg":"start to join matchmaker...","time":"2023-06-06 13:43:41"}
{"level":"debug","msg":"start to join matchmaker...","time":"2023-06-06 13:43:41"}
{"level":"debug","msg":"start to join matchmaker...","time":"2023-06-06 13:43:41"}
{"level":"debug","msg":"start to join matchmaker...","time":"2023-06-06 13:43:41"}
{"level":"debug","msg":"start to join matchmaker...","time":"2023-06-06 13:43:41"}
{"level":"debug","msg":"start to join matchmaker...","time":"2023-06-06 13:43:41"}
{"level":"debug","msg":"start to join matchmaker...","time":"2023-06-06 13:43:41"}
{"level":"debug","msg":"party:%s join matchmaker success\ne64ee745-bc98-41d4-9eac-11ce1f425e85.nakama","time":"2023-06-06 13:43:41"}
{"level":"debug","msg":"start to join matchmaker...","time":"2023-06-06 13:43:41"}
{"level":"debug","msg":"start to join matchmaker...","time":"2023-06-06 13:43:41"}
{"level":"debug","msg":"start to join matchmaker...","time":"2023-06-06 13:43:41"}
{"level":"debug","msg":"start to join matchmaker...","time":"2023-06-06 13:43:41"}
{"level":"debug","msg":"party:%s join matchmaker success\n45f410b8-b23b-400c-ae32-7a73cd69a8ff.nakama","time":"2023-06-06 13:43:41"}
{"level":"debug","msg":"party:%s join matchmaker success\nfa293f7b-7278-48a5-a7e3-e6c99186ff25.nakama","time":"2023-06-06 13:43:41"}
{"level":"debug","msg":"party:%s join matchmaker success\naa2b5b3e-1ac9-44b3-876f-036daba31177.nakama","time":"2023-06-06 13:43:41"}
{"level":"debug","msg":"party:%s join matchmaker success\n4a65e2af-36eb-40e9-91c6-4498cd91c1d7.nakama","time":"2023-06-06 13:43:41"}
{"level":"debug","msg":"party:%s join matchmaker success\n4a12442a-56ae-447f-ab4e-f566f190ac97.nakama","time":"2023-06-06 13:43:41"}
{"level":"debug","msg":"party:%s join matchmaker success\n7fd3085c-2f57-409f-b8b9-977a60bb636c.nakama","time":"2023-06-06 13:43:41"}
{"level":"debug","msg":"party:%s join matchmaker success\n57bb0586-44b3-479b-8d44-fa2bac7dd9fe.nakama","time":"2023-06-06 13:43:41"}
{"level":"debug","msg":"party:%s join matchmaker success\nf0e93b32-d9d0-4d4b-85e0-1616fea61cd0.nakama","time":"2023-06-06 13:43:41"}
{"level":"debug","msg":"party:%s join matchmaker success\n04daf600-140e-455f-a5fb-bf71fbe96484.nakama","time":"2023-06-06 13:43:41"}
{"level":"debug","msg":"party:%s join matchmaker success\nceb8a224-45cb-41de-91da-14d4f83970ca.nakama","time":"2023-06-06 13:43:41"}
{"level":"debug","msg":"party:%s join matchmaker success\na6add7fd-d260-4ffe-8089-2207bda9c243.nakama","time":"2023-06-06 13:43:41"}
{"level":"debug","msg":"party:%s join matchmaker success\nd266c2ed-ac63-455f-b236-f52a92301f50.nakama","time":"2023-06-06 13:43:41"}
{"level":"debug","msg":"party:%s join matchmaker success\n548c5a3b-bb24-421e-b60d-5109bf19c8a8.nakama","time":"2023-06-06 13:43:41"}
{"level":"debug","msg":"party:%s join matchmaker success\n33152638-715a-4f72-a4bb-9b5b866d9353.nakama","time":"2023-06-06 13:43:41"}
{"level":"debug","msg":"party:%s join matchmaker success\n949c507c-bfe6-44f5-b6dc-ee8b69855b33.nakama","time":"2023-06-06 13:43:41"}
{"level":"debug","msg":"party:%s join matchmaker success\n1f73c8f7-50d1-44c8-a63b-4e4e8697da72.nakama","time":"2023-06-06 13:43:41"}
{"level":"debug","msg":"party:%s join matchmaker success\nfaa98510-fb8a-486b-956d-86a216e87d99.nakama","time":"2023-06-06 13:43:41"}
{"level":"debug","msg":"party:%s join matchmaker success\n24e6f20c-715f-46e7-82f4-e2e48056cbe0.nakama","time":"2023-06-06 13:43:41"}
{"level":"debug","msg":"party:%s join matchmaker success\nfac0e5c3-8833-400d-b23f-fdcb8fe1939e.nakama","time":"2023-06-06 13:43:41"}
{"level":"debug","msg":"party:%s join matchmaker success\n58fdc589-1259-46ca-a2b6-1bdc9d253fe6.nakama","time":"2023-06-06 13:43:41"}
{"level":"debug","msg":"party:%s join matchmaker success\n1bb81741-5b50-4c9d-bf41-2e63691e6516.nakama","time":"2023-06-06 13:43:41"}
{"level":"debug","msg":"party:%s join matchmaker success\n20f03aae-ad5b-4ca6-ac57-01370a2a73e8.nakama","time":"2023-06-06 13:43:41"}
{"level":"debug","msg":"party:%s join matchmaker success\n52d75001-ff16-45a9-8d34-3b1e458b4fc1.nakama","time":"2023-06-06 13:43:41"}
{"level":"debug","msg":"party:%s join matchmaker success\n6e6e92bb-4799-45a5-a007-1107fe304b2c.nakama","time":"2023-06-06 13:43:41"}
{"level":"debug","msg":"start to join matchmaker...","time":"2023-06-06 13:46:43"}
{"level":"debug","msg":"start to join matchmaker...","time":"2023-06-06 13:46:43"}
{"level":"debug","msg":"start to join matchmaker...","time":"2023-06-06 13:46:43"}
{"level":"debug","msg":"start to join matchmaker...","time":"2023-06-06 13:46:43"}
{"level":"debug","msg":"start to join matchmaker...","time":"2023-06-06 13:46:43"}
{"level":"debug","msg":"start to join matchmaker...","time":"2023-06-06 13:46:43"}
{"level":"debug","msg":"start to join matchmaker...","time":"2023-06-06 13:46:43"}
{"level":"debug","msg":"start to join matchmaker...","time":"2023-06-06 13:46:43"}
{"level":"debug","msg":"start to join matchmaker...","time":"2023-06-06 13:46:43"}
{"level":"debug","msg":"start to join matchmaker...","time":"2023-06-06 13:46:43"}
{"level":"debug","msg":"start to join matchmaker...","time":"2023-06-06 13:46:43"}
{"level":"debug","msg":"start to join matchmaker...","time":"2023-06-06 13:46:43"}
{"level":"debug","msg":"start to join matchmaker...","time":"2023-06-06 13:46:43"}
{"level":"debug","msg":"start to join matchmaker...","time":"2023-06-06 13:46:43"}
{"level":"debug","msg":"start to join matchmaker...","time":"2023-06-06 13:46:43"}
{"level":"debug","msg":"start to join matchmaker...","time":"2023-06-06 13:46:43"}
{"level":"debug","msg":"start to join matchmaker...","time":"2023-06-06 13:46:43"}
{"level":"debug","msg":"start to join matchmaker...","time":"2023-06-06 13:46:43"}
{"level":"debug","msg":"start to join matchmaker...","time":"2023-06-06 13:46:43"}
{"level":"debug","msg":"start to join matchmaker...","time":"2023-06-06 13:46:43"}
{"level":"debug","msg":"start to join matchmaker...","time":"2023-06-06 13:46:43"}
{"level":"debug","msg":"start to join matchmaker...","time":"2023-06-06 13:46:43"}
{"level":"debug","msg":"start to join matchmaker...","time":"2023-06-06 13:46:43"}
{"level":"debug","msg":"start to join matchmaker...","time":"2023-06-06 13:46:43"}
{"level":"debug","msg":"start to join matchmaker...","time":"2023-06-06 13:46:43"}
{"level":"debug","msg":"start to join matchmaker...","time":"2023-06-06 13:46:43"}
{"level":"debug","msg":"party:%s join matchmaker success\ndf7615af-7a32-4e19-b520-6e71b53fba16.nakama","time":"2023-06-06 13:46:43"}
{"level":"debug","msg":"party:%s join matchmaker success\nc5bb1be7-3b59-4a37-9ef2-410ad7eb00e6.nakama","time":"2023-06-06 13:46:43"}
{"level":"debug","msg":"party:%s join matchmaker success\n18a77b4d-b0f8-4344-9a73-2bf9603d41b5.nakama","time":"2023-06-06 13:46:43"}
{"level":"debug","msg":"party:%s join matchmaker success\nb42a455d-7154-4958-a3a4-2982fe806651.nakama","time":"2023-06-06 13:46:43"}
{"level":"debug","msg":"party:%s join matchmaker success\n4187bb1a-6e8e-4e41-909a-dbe5bab4cb3e.nakama","time":"2023-06-06 13:46:43"}
{"level":"debug","msg":"party:%s join matchmaker success\n4b6a6512-e7b5-42f8-8bae-6efc6ce473c7.nakama","time":"2023-06-06 13:46:43"}
{"level":"debug","msg":"party:%s join matchmaker success\nee1b8ce8-54fe-4344-a094-87932feea516.nakama","time":"2023-06-06 13:46:43"}
{"level":"debug","msg":"party:%s join matchmaker success\n272c1c30-2e82-4270-bceb-d96058ab8e30.nakama","time":"2023-06-06 13:46:43"}
{"level":"debug","msg":"party:%s join matchmaker success\nf1f33797-0875-442d-8047-5ca7e06926ee.nakama","time":"2023-06-06 13:46:43"}
{"level":"debug","msg":"party:%s join matchmaker success\n99419fe5-5ad2-4fab-b2b7-e1872a21e6fd.nakama","time":"2023-06-06 13:46:43"}
{"level":"debug","msg":"party:%s join matchmaker success\nf8f1e995-9422-4893-a659-51d8407a5a7b.nakama","time":"2023-06-06 13:46:43"}
{"level":"debug","msg":"party:%s join matchmaker success\n5612d6c7-cb03-42fa-8410-13adb8e5485c.nakama","time":"2023-06-06 13:46:43"}
{"level":"debug","msg":"party:%s join matchmaker success\n61fd859d-5503-455e-ad6b-deef2908800f.nakama","time":"2023-06-06 13:46:43"}
{"level":"debug","msg":"party:%s join matchmaker success\n5d7889cb-afe9-4acb-bf90-22c2ebfc6560.nakama","time":"2023-06-06 13:46:43"}
{"level":"debug","msg":"party:%s join matchmaker success\n16416575-4219-4230-b454-7dd3b235a5fa.nakama","time":"2023-06-06 13:46:43"}
{"level":"debug","msg":"party:%s join matchmaker success\n568c9b23-e914-4101-945e-1fb302ab5b57.nakama","time":"2023-06-06 13:46:43"}
{"level":"debug","msg":"party:%s join matchmaker success\nacb789f1-0544-4b49-9cfc-01cdc21e372d.nakama","time":"2023-06-06 13:46:43"}
{"level":"debug","msg":"party:%s join matchmaker success\n2f3cafbd-ac7e-43ba-bc98-5e67eecf396e.nakama","time":"2023-06-06 13:46:43"}
{"level":"debug","msg":"party:%s join matchmaker success\n5abf83f8-1f4e-4a3b-9176-f8eeac1184d8.nakama","time":"2023-06-06 13:46:43"}
{"level":"debug","msg":"party:%s join matchmaker success\nfd654c30-95e8-421e-b969-e523af6579ee.nakama","time":"2023-06-06 13:46:43"}
{"level":"debug","msg":"party:%s join matchmaker success\na76f064d-dcfb-44c5-87f2-794aa5c6dd61.nakama","time":"2023-06-06 13:46:43"}
{"level":"debug","msg":"party:%s join matchmaker success\n864aee3f-f624-47ae-a891-67aa15db3e84.nakama","time":"2023-06-06 13:46:43"}
{"level":"debug","msg":"party:%s join matchmaker success\n9035b5e1-f8fb-4819-9201-69fc7c31a0b8.nakama","time":"2023-06-06 13:46:43"}
{"level":"debug","msg":"party:%s join matchmaker success\n1b8ccfe3-83dd-4422-a0e3-05917b9a705b.nakama","time":"2023-06-06 13:46:43"}
{"level":"debug","msg":"party:%s join matchmaker success\nfedeba55-bcf0-4e92-9738-059382225e4b.nakama","time":"2023-06-06 13:46:43"}
{"level":"debug","msg":"party:%s join matchmaker success\n0b595bd4-01dd-4480-b72b-0aaa3993facb.nakama","time":"2023-06-06 13:46:43"}
{"level":"debug","msg":"start to join matchmaker...","time":"2023-06-06 13:50:20"}
{"level":"debug","msg":"start to join matchmaker...","time":"2023-06-06 13:50:20"}
{"level":"debug","msg":"start to join matchmaker...","time":"2023-06-06 13:50:20"}
{"level":"debug","msg":"start to join matchmaker...","time":"2023-06-06 13:50:20"}
{"level":"debug","msg":"start to join matchmaker...","time":"2023-06-06 13:50:20"}
{"level":"debug","msg":"start to join matchmaker...","time":"2023-06-06 13:50:20"}
{"level":"debug","msg":"start to join matchmaker...","time":"2023-06-06 13:50:20"}
{"level":"debug","msg":"start to join matchmaker...","time":"2023-06-06 13:50:20"}
{"level":"debug","msg":"start to join matchmaker...","time":"2023-06-06 13:50:20"}
{"level":"debug","msg":"start to join matchmaker...","time":"2023-06-06 13:50:20"}
{"level":"debug","msg":"start to join matchmaker...","time":"2023-06-06 13:50:20"}
{"level":"debug","msg":"start to join matchmaker...","time":"2023-06-06 13:50:20"}
{"level":"debug","msg":"start to join matchmaker...","time":"2023-06-06 13:50:20"}
{"level":"debug","msg":"start to join matchmaker...","time":"2023-06-06 13:50:20"}
{"level":"debug","msg":"start to join matchmaker...","time":"2023-06-06 13:50:20"}
{"level":"debug","msg":"start to join matchmaker...","time":"2023-06-06 13:50:20"}
{"level":"debug","msg":"start to join matchmaker...","time":"2023-06-06 13:50:20"}
{"level":"debug","msg":"start to join matchmaker...","time":"2023-06-06 13:50:20"}
{"level":"debug","msg":"start to join matchmaker...","time":"2023-06-06 13:50:20"}
{"level":"debug","msg":"start to join matchmaker...","time":"2023-06-06 13:50:20"}
{"level":"debug","msg":"start to join matchmaker...","time":"2023-06-06 13:50:20"}
{"level":"debug","msg":"start to join matchmaker...","time":"2023-06-06 13:50:20"}
{"level":"debug","msg":"start to join matchmaker...","time":"2023-06-06 13:50:20"}
{"level":"debug","msg":"start to join matchmaker...","time":"2023-06-06 13:50:20"}
{"level":"debug","msg":"party:%s join matchmaker success\nf9191255-b35e-4800-8d04-763715ac284b.nakama","time":"2023-06-06 13:50:20"}
{"level":"debug","msg":"party:%s join matchmaker success\nceabd471-1828-4fd2-897c-caf75b0ae50c.nakama","time":"2023-06-06 13:50:20"}
{"level":"debug","msg":"party:%s join matchmaker success\nb7285607-4c69-4163-919b-d05019bf5509.nakama","time":"2023-06-06 13:50:20"}
{"level":"debug","msg":"party:%s join matchmaker success\n7eaab520-80be-476f-a39f-0e9ff4a81629.nakama","time":"2023-06-06 13:50:20"}
{"level":"debug","msg":"party:%s join matchmaker success\nb287b19e-9645-4581-9286-e0f356f8fc3d.nakama","time":"2023-06-06 13:50:20"}
{"level":"debug","msg":"party:%s join matchmaker success\nddbf6676-d9f0-4293-bbf2-2b16dd880d04.nakama","time":"2023-06-06 13:50:20"}
{"level":"debug","msg":"party:%s join matchmaker success\n6098ea67-5310-49eb-a5bb-f1353a48e402.nakama","time":"2023-06-06 13:50:20"}
{"level":"debug","msg":"party:%s join matchmaker success\n68c378c7-21db-4e6c-89fd-0fd49dff4e50.nakama","time":"2023-06-06 13:50:20"}
{"level":"debug","msg":"party:%s join matchmaker success\ndfaea967-223d-4719-97b3-2d1037081b55.nakama","time":"2023-06-06 13:50:20"}
{"level":"debug","msg":"party:%s join matchmaker success\n06c3305b-37e4-4c35-8418-aa93c3ebb92e.nakama","time":"2023-06-06 13:50:20"}
{"level":"debug","msg":"party:%s join matchmaker success\nbc9f5500-45cc-435d-b662-57051eaed7f1.nakama","time":"2023-06-06 13:50:20"}
{"level":"debug","msg":"party:%s join matchmaker success\nd11cf5f5-e633-4dc3-8bdb-b4b90b1b2a2e.nakama","time":"2023-06-06 13:50:20"}
{"level":"debug","msg":"party:%s join matchmaker success\n0f7afa7d-e931-4090-9779-3978187361cd.nakama","time":"2023-06-06 13:50:20"}
{"level":"debug","msg":"party:%s join matchmaker success\nf7c0465c-c808-43d5-be4a-a130fbc71ad0.nakama","time":"2023-06-06 13:50:20"}
{"level":"debug","msg":"party:%s join matchmaker success\nb4699f75-0b14-4f8a-97a8-cdc5d06d5559.nakama","time":"2023-06-06 13:50:20"}
{"level":"debug","msg":"party:%s join matchmaker success\n1d96d94c-a3b8-41ea-93a7-200e3e383960.nakama","time":"2023-06-06 13:50:20"}
{"level":"debug","msg":"party:%s join matchmaker success\n7d86dcc2-d4dc-4ed4-a558-789cc93aaa86.nakama","time":"2023-06-06 13:50:20"}
{"level":"debug","msg":"party:%s join matchmaker success\nf689d827-cb16-444c-abc3-3b2b211545b8.nakama","time":"2023-06-06 13:50:20"}
{"level":"debug","msg":"party:%s join matchmaker success\n51cdedc9-ecb2-4d25-aa07-7d8f856a683f.nakama","time":"2023-06-06 13:50:20"}
{"level":"debug","msg":"party:%s join matchmaker success\n13d09712-309b-4c27-922b-7b155bf6cdee.nakama","time":"2023-06-06 13:50:20"}
{"level":"debug","msg":"party:%s join matchmaker success\na9b28124-694d-4d3e-8c6d-298e6b23b02e.nakama","time":"2023-06-06 13:50:20"}
{"level":"debug","msg":"party:%s join matchmaker success\ne6944bae-b632-4eed-b610-c8b1ff26a2e3.nakama","time":"2023-06-06 13:50:20"}
{"level":"debug","msg":"party:%s join matchmaker success\n8268de05-27c9-4267-aa23-a22ceecef17d.nakama","time":"2023-06-06 13:50:20"}
{"level":"debug","msg":"party:%s join matchmaker success\n71eeb403-dec3-4c7e-b36c-03c29854f130.nakama","time":"2023-06-06 13:50:20"}
{"level":"debug","msg":"start to join matchmaker...","time":"2023-06-06 13:53:54"}
{"level":"debug","msg":"start to join matchmaker...","time":"2023-06-06 13:53:54"}
{"level":"debug","msg":"start to join matchmaker...","time":"2023-06-06 13:53:54"}
{"level":"debug","msg":"start to join matchmaker...","time":"2023-06-06 13:53:54"}
{"level":"debug","msg":"start to join matchmaker...","time":"2023-06-06 13:53:54"}
{"level":"debug","msg":"start to join matchmaker...","time":"2023-06-06 13:53:54"}
{"level":"debug","msg":"start to join matchmaker...","time":"2023-06-06 13:53:54"}
{"level":"debug","msg":"start to join matchmaker...","time":"2023-06-06 13:53:54"}
{"level":"debug","msg":"start to join matchmaker...","time":"2023-06-06 13:53:54"}
{"level":"debug","msg":"start to join matchmaker...","time":"2023-06-06 13:53:54"}
{"level":"debug","msg":"start to join matchmaker...","time":"2023-06-06 13:53:54"}
{"level":"debug","msg":"start to join matchmaker...","time":"2023-06-06 13:53:54"}
{"level":"debug","msg":"start to join matchmaker...","time":"2023-06-06 13:53:54"}
{"level":"debug","msg":"start to join matchmaker...","time":"2023-06-06 13:53:54"}
{"level":"debug","msg":"start to join matchmaker...","time":"2023-06-06 13:53:54"}
{"level":"debug","msg":"start to join matchmaker...","time":"2023-06-06 13:53:54"}
{"level":"debug","msg":"start to join matchmaker...","time":"2023-06-06 13:53:54"}
{"level":"debug","msg":"start to join matchmaker...","time":"2023-06-06 13:53:54"}
{"level":"debug","msg":"start to join matchmaker...","time":"2023-06-06 13:53:54"}
{"level":"debug","msg":"start to join matchmaker...","time":"2023-06-06 13:53:54"}
{"level":"debug","msg":"start to join matchmaker...","time":"2023-06-06 13:53:54"}
{"level":"debug","msg":"start to join matchmaker...","time":"2023-06-06 13:53:54"}
{"level":"debug","msg":"start to join matchmaker...","time":"2023-06-06 13:53:54"}
{"level":"debug","msg":"party:%s join matchmaker success\nf2d6ce9e-ba5d-4d86-aa34-ffdd1f0e7dc5.nakama","time":"2023-06-06 13:53:54"}
{"level":"debug","msg":"party:%s join matchmaker success\nd4dc5114-fdbc-4dc9-b340-342150e6add9.nakama","time":"2023-06-06 13:53:54"}
{"level":"debug","msg":"party:%s join matchmaker success\n7af49f6b-5714-4daf-9850-9c566248a5d3.nakama","time":"2023-06-06 13:53:54"}
{"level":"debug","msg":"party:%s join matchmaker success\n2f33b8ce-5058-41c3-8447-fb37c5604b4e.nakama","time":"2023-06-06 13:53:54"}
{"level":"debug","msg":"party:%s join matchmaker success\n365cfdf4-0ba6-4fad-b5dc-c55b7397be74.nakama","time":"2023-06-06 13:53:54"}
{"level":"debug","msg":"party:%s join matchmaker success\nf46bb021-21c8-4806-8861-f41011897e9e.nakama","time":"2023-06-06 13:53:54"}
{"level":"debug","msg":"party:%s join matchmaker success\n9ec8145d-5f2e-4f6b-993f-79a8d17cf1b2.nakama","time":"2023-06-06 13:53:54"}
{"level":"debug","msg":"party:%s join matchmaker success\n72e74356-a75c-4fea-a84e-1138078e6c25.nakama","time":"2023-06-06 13:53:54"}
{"level":"debug","msg":"party:%s join matchmaker success\n39c1f29e-58f3-405e-8343-17665f61e971.nakama","time":"2023-06-06 13:53:54"}
{"level":"debug","msg":"party:%s join matchmaker success\n9e6842ac-ded4-49ea-ba47-870057062361.nakama","time":"2023-06-06 13:53:54"}
{"level":"debug","msg":"party:%s join matchmaker success\ne25aab22-8974-410e-888d-bbefe7b14183.nakama","time":"2023-06-06 13:53:54"}
{"level":"debug","msg":"party:%s join matchmaker success\nbf9b4de4-5a6f-4248-ae01-7563ad3930b2.nakama","time":"2023-06-06 13:53:54"}
{"level":"debug","msg":"party:%s join matchmaker success\nce3fb4b1-4208-4286-b7e7-3a5716447bf3.nakama","time":"2023-06-06 13:53:54"}
{"level":"debug","msg":"party:%s join matchmaker success\n72d2fbc3-5585-44ac-b8bb-2668f8928d18.nakama","time":"2023-06-06 13:53:54"}
{"level":"debug","msg":"party:%s join matchmaker success\n1871c784-e925-4e50-a26b-872fb1844548.nakama","time":"2023-06-06 13:53:54"}
{"level":"debug","msg":"party:%s join matchmaker success\nd55e436d-b8ad-4a9a-8ce5-a2026de04ec5.nakama","time":"2023-06-06 13:53:54"}
{"level":"debug","msg":"party:%s join matchmaker success\n4422236d-156f-4717-bd31-ab86e8718481.nakama","time":"2023-06-06 13:53:54"}
{"level":"debug","msg":"party:%s join matchmaker success\n686623fe-43ea-4980-9ee2-40ad0a99f161.nakama","time":"2023-06-06 13:53:54"}
{"level":"debug","msg":"party:%s join matchmaker success\n40812873-9f05-4511-b974-790403eea381.nakama","time":"2023-06-06 13:53:54"}
{"level":"debug","msg":"party:%s join matchmaker success\nacc1797c-2056-4de0-8f8f-7f89883abe38.nakama","time":"2023-06-06 13:53:54"}
{"level":"debug","msg":"party:%s join matchmaker success\na1476903-9074-4cc5-83d7-51164b9907b4.nakama","time":"2023-06-06 13:53:54"}
{"level":"debug","msg":"party:%s join matchmaker success\n72c08757-fd4f-4bfc-8d50-36d11e86046e.nakama","time":"2023-06-06 13:53:54"}
{"level":"debug","msg":"party:%s join matchmaker success\n0f9cf8f4-84f8-49dd-9d47-1fbbf390969f.nakama","time":"2023-06-06 13:53:54"}
{"level":"debug","msg":"start to join matchmaker...","time":"2023-06-06 13:58:54"}
{"level":"debug","msg":"start to join matchmaker...","time":"2023-06-06 13:58:54"}
{"level":"debug","msg":"start to join matchmaker...","time":"2023-06-06 13:58:54"}
{"level":"debug","msg":"start to join matchmaker...","time":"2023-06-06 13:58:54"}
{"level":"debug","msg":"start to join matchmaker...","time":"2023-06-06 13:58:54"}
{"level":"debug","msg":"start to join matchmaker...","time":"2023-06-06 13:58:54"}
{"level":"debug","msg":"start to join matchmaker...","time":"2023-06-06 13:58:54"}
{"level":"debug","msg":"start to join matchmaker...","time":"2023-06-06 13:58:54"}
{"level":"debug","msg":"start to join matchmaker...","time":"2023-06-06 13:58:54"}
{"level":"debug","msg":"start to join matchmaker...","time":"2023-06-06 13:58:54"}
{"level":"debug","msg":"start to join matchmaker...","time":"2023-06-06 13:58:54"}
{"level":"debug","msg":"start to join matchmaker...","time":"2023-06-06 13:58:54"}
{"level":"debug","msg":"start to join matchmaker...","time":"2023-06-06 13:58:54"}
{"level":"debug","msg":"start to join matchmaker...","time":"2023-06-06 13:58:54"}
{"level":"debug","msg":"start to join matchmaker...","time":"2023-06-06 13:58:54"}
{"level":"debug","msg":"start to join matchmaker...","time":"2023-06-06 13:58:54"}
{"level":"debug","msg":"start to join matchmaker...","time":"2023-06-06 13:58:54"}
{"level":"debug","msg":"start to join matchmaker...","time":"2023-06-06 13:58:54"}
{"level":"debug","msg":"start to join matchmaker...","time":"2023-06-06 13:58:54"}
{"level":"debug","msg":"start to join matchmaker...","time":"2023-06-06 13:58:54"}
{"level":"debug","msg":"start to join matchmaker...","time":"2023-06-06 13:58:54"}
{"level":"debug","msg":"start to join matchmaker...","time":"2023-06-06 13:58:54"}
{"level":"debug","msg":"start to join matchmaker...","time":"2023-06-06 13:58:54"}
{"level":"debug","msg":"party:%s join matchmaker success\n86ae949d-0e0b-4302-a302-45f4535ce6c7.nakama","time":"2023-06-06 13:58:54"}
{"level":"debug","msg":"party:%s join matchmaker success\n697a4b6a-522e-4173-ba69-2493b3427220.nakama","time":"2023-06-06 13:58:54"}
{"level":"debug","msg":"party:%s join matchmaker success\n5d86df7b-5747-4624-82c1-a11b7959cbda.nakama","time":"2023-06-06 13:58:54"}
{"level":"debug","msg":"party:%s join matchmaker success\n3519a41c-4612-4a33-8bc1-0232e13e4e0d.nakama","time":"2023-06-06 13:58:54"}
{"level":"debug","msg":"party:%s join matchmaker success\n5f1f763e-d57c-450a-ae16-25950bc6a83e.nakama","time":"2023-06-06 13:58:54"}
{"level":"debug","msg":"party:%s join matchmaker success\n5fe58174-1da4-4a52-b0d9-08e009d4c97e.nakama","time":"2023-06-06 13:58:54"}
{"level":"debug","msg":"party:%s join matchmaker success\n8b92e227-ca66-4e11-9e88-f069842f0744.nakama","time":"2023-06-06 13:58:54"}
{"level":"debug","msg":"party:%s join matchmaker success\n546c5239-41d0-45c0-a53a-7fe94ad1c825.nakama","time":"2023-06-06 13:58:54"}
{"level":"debug","msg":"party:%s join matchmaker success\n4d10e47f-08b1-447a-9276-951a833ecbd6.nakama","time":"2023-06-06 13:58:54"}
{"level":"debug","msg":"party:%s join matchmaker success\nb126f9d6-f263-4046-9abd-2533ae26df62.nakama","time":"2023-06-06 13:58:54"}
{"level":"debug","msg":"party:%s join matchmaker success\n928bdc58-806a-4577-872f-eb4c5031241e.nakama","time":"2023-06-06 13:58:54"}
{"level":"debug","msg":"party:%s join matchmaker success\n076b034a-ac15-4408-b523-24c3be2bdf56.nakama","time":"2023-06-06 13:58:54"}
{"level":"debug","msg":"party:%s join matchmaker success\n82c278c6-f076-4211-a4f3-a3ca9baef2a2.nakama","time":"2023-06-06 13:58:54"}
{"level":"debug","msg":"party:%s join matchmaker success\nb466ccf5-836e-4319-8659-8f5a2fa6e6e8.nakama","time":"2023-06-06 13:58:54"}
{"level":"debug","msg":"party:%s join matchmaker success\n4082bbb7-54ce-4568-b2c9-66c71a3ffd16.nakama","time":"2023-06-06 13:58:54"}
{"level":"debug","msg":"party:%s join matchmaker success\n10769ca1-ea21-4887-b095-5ebc12c2cce6.nakama","time":"2023-06-06 13:58:54"}
{"level":"debug","msg":"party:%s join matchmaker success\nc9c0dde5-f34d-48f0-a01a-d8ef5a9d119d.nakama","time":"2023-06-06 13:58:54"}
{"level":"debug","msg":"party:%s join matchmaker success\nc3bc2da2-e6c1-4a91-8af6-b4573a6b26d0.nakama","time":"2023-06-06 13:58:54"}
{"level":"debug","msg":"party:%s join matchmaker success\n4a1f1fe9-bc8c-4353-8a29-05ec78f89733.nakama","time":"2023-06-06 13:58:54"}
{"level":"debug","msg":"party:%s join matchmaker success\n223594e3-8cd8-4ddc-96c9-14cd59ee55b8.nakama","time":"2023-06-06 13:58:54"}
{"level":"debug","msg":"party:%s join matchmaker success\n17ce6172-80bc-4ac2-9629-34f8bf11ad4e.nakama","time":"2023-06-06 13:58:54"}
{"level":"debug","msg":"party:%s join matchmaker success\n86cc23f5-7cd8-4c4a-a720-307b8f874fb1.nakama","time":"2023-06-06 13:58:54"}
{"level":"debug","msg":"party:%s join matchmaker success\n2899cc58-2774-4492-bbeb-8b94b61d75e5.nakama","time":"2023-06-06 13:58:54"}
{"level":"debug","msg":"start to join matchmaker...","time":"2023-06-06 14:00:35"}
{"level":"debug","msg":"start to join matchmaker...","time":"2023-06-06 14:00:35"}
{"level":"debug","msg":"start to join matchmaker...","time":"2023-06-06 14:00:35"}
{"level":"debug","msg":"start to join matchmaker...","time":"2023-06-06 14:00:35"}
{"level":"debug","msg":"start to join matchmaker...","time":"2023-06-06 14:00:35"}
{"level":"debug","msg":"start to join matchmaker...","time":"2023-06-06 14:00:35"}
{"level":"debug","msg":"start to join matchmaker...","time":"2023-06-06 14:00:35"}
{"level":"debug","msg":"start to join matchmaker...","time":"2023-06-06 14:00:35"}
{"level":"debug","msg":"start to join matchmaker...","time":"2023-06-06 14:00:35"}
{"level":"debug","msg":"start to join matchmaker...","time":"2023-06-06 14:00:35"}
{"level":"debug","msg":"start to join matchmaker...","time":"2023-06-06 14:00:35"}
{"level":"debug","msg":"start to join matchmaker...","time":"2023-06-06 14:00:35"}
{"level":"debug","msg":"start to join matchmaker...","time":"2023-06-06 14:00:35"}
{"level":"debug","msg":"start to join matchmaker...","time":"2023-06-06 14:00:35"}
{"level":"debug","msg":"start to join matchmaker...","time":"2023-06-06 14:00:35"}
{"level":"debug","msg":"start to join matchmaker...","time":"2023-06-06 14:00:35"}
{"level":"debug","msg":"start to join matchmaker...","time":"2023-06-06 14:00:35"}
{"level":"debug","msg":"start to join matchmaker...","time":"2023-06-06 14:00:35"}
{"level":"debug","msg":"start to join matchmaker...","time":"2023-06-06 14:00:35"}
{"level":"debug","msg":"start to join matchmaker...","time":"2023-06-06 14:00:35"}
{"level":"debug","msg":"start to join matchmaker...","time":"2023-06-06 14:00:35"}
{"level":"debug","msg":"start to join matchmaker...","time":"2023-06-06 14:00:35"}
{"level":"debug","msg":"start to join matchmaker...","time":"2023-06-06 14:00:35"}
{"level":"debug","msg":"start to join matchmaker...","time":"2023-06-06 14:00:35"}
{"level":"debug","msg":"start to join matchmaker...","time":"2023-06-06 14:00:35"}
{"level":"debug","msg":"party:%s join matchmaker success\ne47a0440-0c9e-4c93-942d-fdf237bcff11.nakama","time":"2023-06-06 14:00:35"}
{"level":"debug","msg":"party:%s join matchmaker success\nf746745c-1fb2-43e7-8425-dd43e2db093c.nakama","time":"2023-06-06 14:00:35"}
{"level":"debug","msg":"party:%s join matchmaker success\nbb4edc9b-acbe-4322-bd07-16c3d71899d4.nakama","time":"2023-06-06 14:00:35"}
{"level":"debug","msg":"party:%s join matchmaker success\n92a2ec61-865b-42ca-8fb5-b0fa12752d20.nakama","time":"2023-06-06 14:00:35"}
{"level":"debug","msg":"party:%s join matchmaker success\ne063747f-b38b-46bb-8668-8f1f30fd2223.nakama","time":"2023-06-06 14:00:35"}
{"level":"debug","msg":"party:%s join matchmaker success\nced30394-550d-4e57-88bd-7caa3b8817d9.nakama","time":"2023-06-06 14:00:35"}
{"level":"debug","msg":"party:%s join matchmaker success\n4d12f361-2645-4a49-a746-73cd5055afa2.nakama","time":"2023-06-06 14:00:35"}
{"level":"debug","msg":"party:%s join matchmaker success\n0563bc94-79fb-4208-8182-cb97dd49850c.nakama","time":"2023-06-06 14:00:35"}
{"level":"debug","msg":"party:%s join matchmaker success\ne34ece14-b7a9-46ea-8741-dd03155adf54.nakama","time":"2023-06-06 14:00:35"}
{"level":"debug","msg":"party:%s join matchmaker success\n80fc5e61-52e2-4bd7-bc9d-df2ea249da74.nakama","time":"2023-06-06 14:00:35"}
{"level":"debug","msg":"party:%s join matchmaker success\nb17ce4de-6261-4a79-aac9-013b48c5fd61.nakama","time":"2023-06-06 14:00:35"}
{"level":"debug","msg":"party:%s join matchmaker success\nb9455f8c-a045-4030-92a6-28ec3199046c.nakama","time":"2023-06-06 14:00:35"}
{"level":"debug","msg":"party:%s join matchmaker success\na75d990f-23f8-464d-9b13-b9719ba92062.nakama","time":"2023-06-06 14:00:35"}
{"level":"debug","msg":"party:%s join matchmaker success\n92128c8f-3bf1-4b48-b359-3c1cfa63da2f.nakama","time":"2023-06-06 14:00:35"}
{"level":"debug","msg":"party:%s join matchmaker success\n9ba5cc8d-e1fe-4e67-912f-a370467e5d0d.nakama","time":"2023-06-06 14:00:35"}
{"level":"debug","msg":"party:%s join matchmaker success\n215045f1-f8cd-4dea-b688-9fecdc8810d1.nakama","time":"2023-06-06 14:00:35"}
{"level":"debug","msg":"party:%s join matchmaker success\n1bfac818-c23e-4dbe-8598-ff5bbce9a1c5.nakama","time":"2023-06-06 14:00:35"}
{"level":"debug","msg":"party:%s join matchmaker success\n714dcecd-2a71-4208-be8e-d5705f77bcd3.nakama","time":"2023-06-06 14:00:35"}
{"level":"debug","msg":"party:%s join matchmaker success\n24a3a1f7-a9d7-4b03-9171-9dbe1e932927.nakama","time":"2023-06-06 14:00:35"}
{"level":"debug","msg":"party:%s join matchmaker success\nb80dbb4f-f605-419a-98fc-bf57969fbff7.nakama","time":"2023-06-06 14:00:35"}
{"level":"debug","msg":"party:%s join matchmaker success\n5d344aad-b7e8-48cb-88cc-24d406af04ce.nakama","time":"2023-06-06 14:00:35"}
{"level":"debug","msg":"party:%s join matchmaker success\n2463374d-46a7-4269-92a3-d249e2a89215.nakama","time":"2023-06-06 14:00:35"}
{"level":"debug","msg":"party:%s join matchmaker success\n20d0386b-357e-4dc7-9248-f4f0a8f27da5.nakama","time":"2023-06-06 14:00:35"}
{"level":"debug","msg":"party:%s join matchmaker success\n481cbb73-8292-4b3e-9807-0168d738bacf.nakama","time":"2023-06-06 14:00:35"}
{"level":"debug","msg":"party:%s join matchmaker success\nfe0e879b-6f3e-45ab-a2c1-5ac25449989d.nakama","time":"2023-06-06 14:00:35"}
{"level":"debug","msg":"start to join matchmaker...","time":"2023-06-06 14:08:49"}
{"level":"debug","msg":"start to join matchmaker...","time":"2023-06-06 14:08:49"}
{"level":"debug","msg":"start to join matchmaker...","time":"2023-06-06 14:08:49"}
{"level":"debug","msg":"start to join matchmaker...","time":"2023-06-06 14:08:49"}
{"level":"debug","msg":"start to join matchmaker...","time":"2023-06-06 14:08:49"}
{"level":"debug","msg":"start to join matchmaker...","time":"2023-06-06 14:08:49"}
{"level":"debug","msg":"start to join matchmaker...","time":"2023-06-06 14:08:49"}
{"level":"debug","msg":"start to join matchmaker...","time":"2023-06-06 14:08:49"}
{"level":"debug","msg":"start to join matchmaker...","time":"2023-06-06 14:08:49"}
{"level":"debug","msg":"start to join matchmaker...","time":"2023-06-06 14:08:49"}
{"level":"debug","msg":"start to join matchmaker...","time":"2023-06-06 14:08:49"}
{"level":"debug","msg":"start to join matchmaker...","time":"2023-06-06 14:08:49"}
{"level":"debug","msg":"start to join matchmaker...","time":"2023-06-06 14:08:49"}
{"level":"debug","msg":"start to join matchmaker...","time":"2023-06-06 14:08:49"}
{"level":"debug","msg":"start to join matchmaker...","time":"2023-06-06 14:08:49"}
{"level":"debug","msg":"start to join matchmaker...","time":"2023-06-06 14:08:49"}
{"level":"debug","msg":"start to join matchmaker...","time":"2023-06-06 14:08:49"}
{"level":"debug","msg":"start to join matchmaker...","time":"2023-06-06 14:08:49"}
{"level":"debug","msg":"start to join matchmaker...","time":"2023-06-06 14:08:49"}
{"level":"debug","msg":"start to join matchmaker...","time":"2023-06-06 14:08:49"}
{"level":"debug","msg":"start to join matchmaker...","time":"2023-06-06 14:08:49"}
{"level":"debug","msg":"start to join matchmaker...","time":"2023-06-06 14:08:49"}
{"level":"debug","msg":"start to join matchmaker...","time":"2023-06-06 14:08:49"}
{"level":"debug","msg":"start to join matchmaker...","time":"2023-06-06 14:08:49"}
{"level":"debug","msg":"start to join matchmaker...","time":"2023-06-06 14:08:49"}
{"level":"debug","msg":"start to join matchmaker...","time":"2023-06-06 14:08:49"}
{"level":"debug","msg":"party:%s join matchmaker success\n68695cd2-7e31-4c2f-8622-ddb8853c8a08.nakama","time":"2023-06-06 14:08:49"}
{"level":"debug","msg":"party:%s join matchmaker success\n4411daaf-04dd-42e4-b53f-4647e4e458c4.nakama","time":"2023-06-06 14:08:49"}
{"level":"debug","msg":"party:%s join matchmaker success\n7cbba2c1-54ab-4066-9237-9d2d60b51f5f.nakama","time":"2023-06-06 14:08:49"}
{"level":"debug","msg":"party:%s join matchmaker success\ne9c4d707-933d-4758-84fb-204139b64813.nakama","time":"2023-06-06 14:08:49"}
{"level":"debug","msg":"party:%s join matchmaker success\ne605159f-c502-41c0-b1b0-dc2d878edab8.nakama","time":"2023-06-06 14:08:49"}
{"level":"debug","msg":"party:%s join matchmaker success\na28660a2-4f82-4292-b056-fb68063b8ca1.nakama","time":"2023-06-06 14:08:49"}
{"level":"debug","msg":"party:%s join matchmaker success\n31d81815-87c4-47dd-9959-092d79835576.nakama","time":"2023-06-06 14:08:49"}
{"level":"debug","msg":"party:%s join matchmaker success\nb9c07759-a7d2-4e3b-8b52-012cee8a5b95.nakama","time":"2023-06-06 14:08:49"}
{"level":"debug","msg":"party:%s join matchmaker success\n2eaf02fe-3c1c-42f4-90e8-493bd4bc1862.nakama","time":"2023-06-06 14:08:49"}
{"level":"debug","msg":"party:%s join matchmaker success\nfe57fd2e-55f6-452c-aea0-9b148a7de7a3.nakama","time":"2023-06-06 14:08:49"}
{"level":"debug","msg":"party:%s join matchmaker success\n33f937df-3fd7-4651-abb5-06e52658645a.nakama","time":"2023-06-06 14:08:49"}
{"level":"debug","msg":"party:%s join matchmaker success\n666f04e1-442b-4830-b144-a0fb02cfdf72.nakama","time":"2023-06-06 14:08:49"}
{"level":"debug","msg":"party:%s join matchmaker success\n47249d4d-6506-45d9-bc5d-6d811741a10e.nakama","time":"2023-06-06 14:08:49"}
{"level":"debug","msg":"party:%s join matchmaker success\n7c06fd3f-177b-482e-81e7-c645a8088cfb.nakama","time":"2023-06-06 14:08:49"}
{"level":"debug","msg":"party:%s join matchmaker success\n0cee5edb-487b-4428-b370-f4d9bea3d4c4.nakama","time":"2023-06-06 14:08:49"}
{"level":"debug","msg":"party:%s join matchmaker success\nfa780032-02e8-4e2f-ab32-f98f7bcf7dbd.nakama","time":"2023-06-06 14:08:49"}
{"level":"debug","msg":"party:%s join matchmaker success\n1a7a060e-d674-4476-83ae-fe7ce24872a5.nakama","time":"2023-06-06 14:08:49"}
{"level":"debug","msg":"party:%s join matchmaker success\n44b3b1b3-9cf9-402b-8d5a-ce75fcfb1970.nakama","time":"2023-06-06 14:08:49"}
{"level":"debug","msg":"party:%s join matchmaker success\n403aef9e-ef52-464f-90ed-fa30d06fe182.nakama","time":"2023-06-06 14:08:49"}
{"level":"debug","msg":"party:%s join matchmaker success\n459b1eae-e094-46f6-afb8-829d1a520396.nakama","time":"2023-06-06 14:08:49"}
{"level":"debug","msg":"party:%s join matchmaker success\n119aab3c-ec3b-4946-8351-9aab99f373ef.nakama","time":"2023-06-06 14:08:49"}
{"level":"debug","msg":"party:%s join matchmaker success\n9a795230-bf1c-47d6-a1dd-6c2d17bf2dc8.nakama","time":"2023-06-06 14:08:49"}
{"level":"debug","msg":"party:%s join matchmaker success\n14d2d7f3-ee7b-4dce-9756-f2a745e76a03.nakama","time":"2023-06-06 14:08:49"}
{"level":"debug","msg":"party:%s join matchmaker success\nc63a8d42-3045-4d29-8a4b-f7c00a5c5801.nakama","time":"2023-06-06 14:08:49"}
{"level":"debug","msg":"party:%s join matchmaker success\n45355339-528c-41ca-8191-fbdc1a19a801.nakama","time":"2023-06-06 14:08:49"}
{"level":"debug","msg":"party:%s join matchmaker success\n7f1042bb-12ab-43ab-bb76-37edbc6d96a2.nakama","time":"2023-06-06 14:08:49"}
{"level":"debug","msg":"start to join matchmaker...","time":"2023-06-06 14:10:20"}
{"level":"debug","msg":"start to join matchmaker...","time":"2023-06-06 14:10:20"}
{"level":"debug","msg":"start to join matchmaker...","time":"2023-06-06 14:10:20"}
{"level":"debug","msg":"start to join matchmaker...","time":"2023-06-06 14:10:20"}
{"level":"debug","msg":"start to join matchmaker...","time":"2023-06-06 14:10:20"}
{"level":"debug","msg":"start to join matchmaker...","time":"2023-06-06 14:10:20"}
{"level":"debug","msg":"start to join matchmaker...","time":"2023-06-06 14:10:20"}
{"level":"debug","msg":"start to join matchmaker...","time":"2023-06-06 14:10:20"}
{"level":"debug","msg":"start to join matchmaker...","time":"2023-06-06 14:10:20"}
{"level":"debug","msg":"start to join matchmaker...","time":"2023-06-06 14:10:20"}
{"level":"debug","msg":"start to join matchmaker...","time":"2023-06-06 14:10:20"}
{"level":"debug","msg":"start to join matchmaker...","time":"2023-06-06 14:10:20"}
{"level":"debug","msg":"start to join matchmaker...","time":"2023-06-06 14:10:20"}
{"level":"debug","msg":"start to join matchmaker...","time":"2023-06-06 14:10:20"}
{"level":"debug","msg":"start to join matchmaker...","time":"2023-06-06 14:10:20"}
{"level":"debug","msg":"start to join matchmaker...","time":"2023-06-06 14:10:20"}
{"level":"debug","msg":"start to join matchmaker...","time":"2023-06-06 14:10:20"}
{"level":"debug","msg":"party:%s join matchmaker success\n166a4d21-a8cc-45c9-b143-f98540677c26.nakama","time":"2023-06-06 14:10:20"}
{"level":"debug","msg":"start to join matchmaker...","time":"2023-06-06 14:10:20"}
{"level":"debug","msg":"start to join matchmaker...","time":"2023-06-06 14:10:20"}
{"level":"debug","msg":"start to join matchmaker...","time":"2023-06-06 14:10:20"}
{"level":"debug","msg":"start to join matchmaker...","time":"2023-06-06 14:10:20"}
{"level":"debug","msg":"party:%s join matchmaker success\ne0ec5492-ade4-4772-93b6-a06220261862.nakama","time":"2023-06-06 14:10:20"}
{"level":"debug","msg":"party:%s join matchmaker success\n0a574010-6a0c-4490-a3ef-0bbfdb038411.nakama","time":"2023-06-06 14:10:20"}
{"level":"debug","msg":"party:%s join matchmaker success\n3ce72b63-e8a7-452e-940d-d316bd41b6b9.nakama","time":"2023-06-06 14:10:20"}
{"level":"debug","msg":"party:%s join matchmaker success\n6a3342df-162e-43ea-91cf-2162e8a7661d.nakama","time":"2023-06-06 14:10:20"}
{"level":"debug","msg":"party:%s join matchmaker success\n747d5e04-c451-4f84-b9d3-084ba3aa4101.nakama","time":"2023-06-06 14:10:20"}
{"level":"debug","msg":"party:%s join matchmaker success\ncd1962b2-ef5f-49e4-ae25-588d1279fd8f.nakama","time":"2023-06-06 14:10:20"}
{"level":"debug","msg":"party:%s join matchmaker success\nc158451c-009d-408e-82b6-e9366fefc471.nakama","time":"2023-06-06 14:10:20"}
{"level":"debug","msg":"party:%s join matchmaker success\n85c15eea-10e6-460d-aae5-ef688bc2844f.nakama","time":"2023-06-06 14:10:20"}
{"level":"debug","msg":"party:%s join matchmaker success\n24066e83-b3ee-4e1e-9163-5a4ce9e300fa.nakama","time":"2023-06-06 14:10:20"}
{"level":"debug","msg":"party:%s join matchmaker success\n739e50ad-b8cc-4cc7-a04a-fcbc8a987b00.nakama","time":"2023-06-06 14:10:20"}
{"level":"debug","msg":"party:%s join matchmaker success\n40c20c49-38d7-4ee3-aa6f-a6ca7089c553.nakama","time":"2023-06-06 14:10:20"}
{"level":"debug","msg":"party:%s join matchmaker success\ne90e640d-cbf9-4f3b-afcd-2753c10a5a99.nakama","time":"2023-06-06 14:10:20"}
{"level":"debug","msg":"party:%s join matchmaker success\n13745d17-dbf4-4f41-af06-48d591793e17.nakama","time":"2023-06-06 14:10:20"}
{"level":"debug","msg":"party:%s join matchmaker success\ne7b0bc7a-639b-4267-b780-df659fe4935c.nakama","time":"2023-06-06 14:10:20"}
{"level":"debug","msg":"party:%s join matchmaker success\n96f08af6-ab38-454d-a399-c6a656e8c6d7.nakama","time":"2023-06-06 14:10:20"}
{"level":"debug","msg":"party:%s join matchmaker success\n231aefb2-dcf9-4696-9297-90fc21a9eba2.nakama","time":"2023-06-06 14:10:20"}
{"level":"debug","msg":"party:%s join matchmaker success\n7d0fddf6-4b1e-43be-90e0-e4a4418ac833.nakama","time":"2023-06-06 14:10:20"}
{"level":"debug","msg":"party:%s join matchmaker success\n253118a9-202d-4946-9c7f-72c4804bd113.nakama","time":"2023-06-06 14:10:20"}
{"level":"debug","msg":"party:%s join matchmaker success\ncb3f378c-0572-4faf-ab59-1885e998f038.nakama","time":"2023-06-06 14:10:20"}
{"level":"debug","msg":"party:%s join matchmaker success\n913dfebc-8e61-4406-88f2-2b28e496d704.nakama","time":"2023-06-06 14:10:20"}
{"level":"debug","msg":"start to join matchmaker...","time":"2023-06-06 15:19:50"}
{"level":"debug","msg":"start to join matchmaker...","time":"2023-06-06 15:19:50"}
{"level":"debug","msg":"start to join matchmaker...","time":"2023-06-06 15:19:50"}
{"level":"debug","msg":"start to join matchmaker...","time":"2023-06-06 15:19:50"}
{"level":"debug","msg":"start to join matchmaker...","time":"2023-06-06 15:19:50"}
{"level":"debug","msg":"start to join matchmaker...","time":"2023-06-06 15:19:50"}
{"level":"debug","msg":"start to join matchmaker...","time":"2023-06-06 15:19:50"}
{"level":"debug","msg":"start to join matchmaker...","time":"2023-06-06 15:19:50"}
{"level":"debug","msg":"start to join matchmaker...","time":"2023-06-06 15:19:50"}
{"level":"debug","msg":"start to join matchmaker...","time":"2023-06-06 15:19:50"}
{"level":"debug","msg":"start to join matchmaker...","time":"2023-06-06 15:19:50"}
{"level":"debug","msg":"start to join matchmaker...","time":"2023-06-06 15:19:50"}
{"level":"debug","msg":"start to join matchmaker...","time":"2023-06-06 15:19:50"}
{"level":"debug","msg":"start to join matchmaker...","time":"2023-06-06 15:19:50"}
{"level":"debug","msg":"start to join matchmaker...","time":"2023-06-06 15:19:50"}
{"level":"debug","msg":"start to join matchmaker...","time":"2023-06-06 15:19:50"}
{"level":"debug","msg":"start to join matchmaker...","time":"2023-06-06 15:19:50"}
{"level":"debug","msg":"start to join matchmaker...","time":"2023-06-06 15:19:50"}
{"level":"debug","msg":"start to join matchmaker...","time":"2023-06-06 15:19:50"}
{"level":"debug","msg":"start to join matchmaker...","time":"2023-06-06 15:19:50"}
{"level":"debug","msg":"start to join matchmaker...","time":"2023-06-06 15:19:50"}
{"level":"debug","msg":"party:%s join matchmaker success\nb2df2c48-1bd5-4e82-88e7-07bed2688c7d.nakama","time":"2023-06-06 15:19:50"}
{"level":"debug","msg":"start to join matchmaker...","time":"2023-06-06 15:19:50"}
{"level":"debug","msg":"start to join matchmaker...","time":"2023-06-06 15:19:50"}
{"level":"debug","msg":"party:%s join matchmaker success\ncaf236cf-9d95-420a-b19f-18711aa6de63.nakama","time":"2023-06-06 15:19:50"}
{"level":"debug","msg":"party:%s join matchmaker success\n30c00779-41b5-4c57-a7c2-cb0786a46cd2.nakama","time":"2023-06-06 15:19:50"}
{"level":"debug","msg":"party:%s join matchmaker success\n152841ed-5420-4a60-aac0-51d6e8eeff45.nakama","time":"2023-06-06 15:19:50"}
{"level":"debug","msg":"party:%s join matchmaker success\n36237df1-534c-4506-bcae-da15e211bcd2.nakama","time":"2023-06-06 15:19:50"}
{"level":"debug","msg":"party:%s join matchmaker success\nd519a086-8d0d-4c12-9e76-2950dd17e000.nakama","time":"2023-06-06 15:19:50"}
{"level":"debug","msg":"party:%s join matchmaker success\n99e60fc6-d703-4147-80fc-532873db078e.nakama","time":"2023-06-06 15:19:50"}
{"level":"debug","msg":"party:%s join matchmaker success\n332d84a3-61c6-462a-9aab-cff6af395371.nakama","time":"2023-06-06 15:19:50"}
{"level":"debug","msg":"party:%s join matchmaker success\ne5199e57-54c8-48f3-8ce2-a1d16856453b.nakama","time":"2023-06-06 15:19:50"}
{"level":"debug","msg":"party:%s join matchmaker success\n5d82930d-4fdb-43c0-9f9b-0dc51f2f650d.nakama","time":"2023-06-06 15:19:50"}
{"level":"debug","msg":"party:%s join matchmaker success\n6eefa9db-602e-4edd-b2e5-4e1d666a93c7.nakama","time":"2023-06-06 15:19:50"}
{"level":"debug","msg":"party:%s join matchmaker success\n78c688bc-e7b5-47b3-96ee-ffd4f07e31bc.nakama","time":"2023-06-06 15:19:50"}
{"level":"debug","msg":"party:%s join matchmaker success\nd1fd2a15-2f98-4eb1-a42b-902e5561b99f.nakama","time":"2023-06-06 15:19:50"}
{"level":"debug","msg":"party:%s join matchmaker success\n811afaa8-14d7-4bc0-b6d1-1a71b3221453.nakama","time":"2023-06-06 15:19:50"}
{"level":"debug","msg":"party:%s join matchmaker success\n92400874-22c2-4e50-90d2-69c1deff66cc.nakama","time":"2023-06-06 15:19:50"}
{"level":"debug","msg":"party:%s join matchmaker success\nb3f61c5c-8a6b-404a-9725-75926111cec7.nakama","time":"2023-06-06 15:19:50"}
{"level":"debug","msg":"party:%s join matchmaker success\n56015459-827d-461d-b2e0-d1e0b552777b.nakama","time":"2023-06-06 15:19:50"}
{"level":"debug","msg":"party:%s join matchmaker success\n658de0e5-e041-4dd6-821f-bb0ade5bb826.nakama","time":"2023-06-06 15:19:50"}
{"level":"debug","msg":"party:%s join matchmaker success\nf1162b54-44bc-4847-9df4-574b850dae7c.nakama","time":"2023-06-06 15:19:50"}
{"level":"debug","msg":"party:%s join matchmaker success\nf77485c5-a434-4756-bfa0-b49727c2e15c.nakama","time":"2023-06-06 15:19:50"}
{"level":"debug","msg":"party:%s join matchmaker success\n89f8d42f-385f-40e1-9475-f059703bcee9.nakama","time":"2023-06-06 15:19:50"}
{"level":"debug","msg":"party:%s join matchmaker success\n28e77a2e-d27a-437c-9da1-f2382cde9044.nakama","time":"2023-06-06 15:19:50"}
{"level":"debug","msg":"party:%s join matchmaker success\n90f1ec8a-6eba-4922-842c-a2b2dc4807a5.nakama","time":"2023-06-06 15:19:50"}
{"level":"info","msg":"GameLift...","time":"2023-06-06 15:19:57"}
{"level":"info","msg":"GameLift...","time":"2023-06-06 15:19:57"}
{"level":"info","msg":"GameLift...","time":"2023-06-06 15:19:57"}
{"level":"info","msg":"GameLift...","time":"2023-06-06 15:19:57"}
{"level":"info","msg":"GameLift...","time":"2023-06-06 15:19:57"}
{"level":"info","msg":"GameLift...","time":"2023-06-06 15:19:57"}
{"level":"info","msg":"GameLift...","time":"2023-06-06 15:19:57"}
{"level":"info","msg":"GameLift...","time":"2023-06-06 15:19:57"}
{"level":"info","msg":"GameLift...","time":"2023-06-06 15:19:57"}
{"level":"info","msg":"GameLift...","time":"2023-06-06 15:19:57"}
{"level":"info","msg":"GameLift...","time":"2023-06-06 15:19:57"}
{"level":"panic","msg":"dial tcp [::1]:5757: connect: connection refused","time":"2023-06-06 15:19:57"}
{"level":"panic","msg":"dial tcp [::1]:5757: connect: connection refused","time":"2023-06-06 15:19:57"}
